# JRE version: Java(TM) SE Runtime Environment (8.0_73-b02) (build 1.8.0_73-b02)
# Java VM: Java HotSpot(TM) 64-Bit Server VM (25.73-b02 mixed mode bsd-amd64 compressed oops)
Heap:
 PSYoungGen      total 53760K, used 46090K [0x00000007aab00000, 0x00000007af180000, 0x00000007c0000000)
  eden space 43520K, 82% used [0x00000007aab00000,0x00000007ace127a0,0x00000007ad580000)
  from space 10240K, 99% used [0x00000007ad680000,0x00000007ae070060,0x00000007ae080000)
  to   space 14336K, 0% used [0x00000007ae380000,0x00000007ae380000,0x00000007af180000)
 ParOldGen       total 43008K, used 33744K [0x0000000780000000, 0x0000000782a00000, 0x00000007aab00000)
  object space 43008K, 78% used [0x0000000780000000,0x00000007820f4270,0x0000000782a00000)
 Metaspace       used 24845K, capacity 25165K, committed 25344K, reserved 1073152K
  class space    used 2463K, capacity 2559K, committed 2560K, reserved 1048576K
GC Heap History (10 events):
Event: 101.129 GC heap before
{Heap before GC invocations=20 (full 1):
 PSYoungGen      total 63488K, used 60864K [0x00000007aab00000, 0x00000007af980000, 0x00000007c0000000)
  eden space 50688K, 100% used [0x00000007aab00000,0x00000007adc80000,0x00000007adc80000)
  from space 12800K, 79% used [0x00000007aed00000,0x00000007af6f0060,0x00000007af980000)
  to   space 14848K, 0% used [0x00000007adc80000,0x00000007adc80000,0x00000007aeb00000)
 ParOldGen       total 43008K, used 33744K [0x0000000780000000, 0x0000000782a00000, 0x00000007aab00000)
  object space 43008K, 78% used [0x0000000780000000,0x00000007820f4270,0x0000000782a00000)
 Metaspace       used 24826K, capacity 25165K, committed 25344K, reserved 1073152K
  class space    used 2459K, capacity 2559K, committed 2560K, reserved 1048576K
Event: 101.133 GC heap after
Heap after GC invocations=20 (full 1):
 PSYoungGen      total 59392K, used 10176K [0x00000007aab00000, 0x00000007af800000, 0x00000007c0000000)
  eden space 49152K, 0% used [0x00000007aab00000,0x00000007aab00000,0x00000007adb00000)
  from space 10240K, 99% used [0x00000007adc80000,0x00000007ae670060,0x00000007ae680000)
  to   space 14848K, 0% used [0x00000007ae980000,0x00000007ae980000,0x00000007af800000)
 ParOldGen       total 43008K, used 33744K [0x0000000780000000, 0x0000000782a00000, 0x00000007aab00000)
  object space 43008K, 78% used [0x0000000780000000,0x00000007820f4270,0x0000000782a00000)
 Metaspace       used 24826K, capacity 25165K, committed 25344K, reserved 1073152K
  class space    used 2459K, capacity 2559K, committed 2560K, reserved 1048576K
}
Event: 106.081 GC heap before
{Heap before GC invocations=21 (full 1):
 PSYoungGen      total 59392K, used 59328K [0x00000007aab00000, 0x00000007af800000, 0x00000007c0000000)
  eden space 49152K, 100% used [0x00000007aab00000,0x00000007adb00000,0x00000007adb00000)
  from space 10240K, 99% used [0x00000007adc80000,0x00000007ae670060,0x00000007ae680000)
  to   space 14848K, 0% used [0x00000007ae980000,0x00000007ae980000,0x00000007af800000)
 ParOldGen       total 43008K, used 33744K [0x0000000780000000, 0x0000000782a00000, 0x00000007aab00000)
  object space 43008K, 78% used [0x0000000780000000,0x00000007820f4270,0x0000000782a00000)
 Metaspace       used 24826K, capacity 25165K, committed 25344K, reserved 1073152K
  class space    used 2459K, capacity 2559K, committed 2560K, reserved 1048576K
Event: 106.084 GC heap after
Heap after GC invocations=21 (full 1):
 PSYoungGen      total 60928K, used 10208K [0x00000007aab00000, 0x00000007af680000, 0x00000007c0000000)
  eden space 47616K, 0% used [0x00000007aab00000,0x00000007aab00000,0x00000007ad980000)
  from space 13312K, 76% used [0x00000007ae980000,0x00000007af378060,0x00000007af680000)
  to   space 14848K, 0% used [0x00000007ad980000,0x00000007ad980000,0x00000007ae800000)
 ParOldGen       total 43008K, used 33744K [0x0000000780000000, 0x0000000782a00000, 0x00000007aab00000)
  object space 43008K, 78% used [0x0000000780000000,0x00000007820f4270,0x0000000782a00000)
 Metaspace       used 24826K, capacity 25165K, committed 25344K, reserved 1073152K
  class space    used 2459K, capacity 2559K, committed 2560K, reserved 1048576K
}
Event: 110.856 GC heap before
{Heap before GC invocations=22 (full 1):
 PSYoungGen      total 60928K, used 57824K [0x00000007aab00000, 0x00000007af680000, 0x00000007c0000000)
  eden space 47616K, 100% used [0x00000007aab00000,0x00000007ad980000,0x00000007ad980000)
  from space 13312K, 76% used [0x00000007ae980000,0x00000007af378060,0x00000007af680000)
  to   space 14848K, 0% used [0x00000007ad980000,0x00000007ad980000,0x00000007ae800000)
 ParOldGen       total 43008K, used 33744K [0x0000000780000000, 0x0000000782a00000, 0x00000007aab00000)
  object space 43008K, 78% used [0x0000000780000000,0x00000007820f4270,0x0000000782a00000)
 Metaspace       used 24826K, capacity 25165K, committed 25344K, reserved 1073152K
  class space    used 2459K, capacity 2559K, committed 2560K, reserved 1048576K
Event: 110.860 GC heap after
Heap after GC invocations=22 (full 1):
 PSYoungGen      total 56320K, used 10176K [0x00000007aab00000, 0x00000007af500000, 0x00000007c0000000)
  eden space 46080K, 0% used [0x00000007aab00000,0x00000007aab00000,0x00000007ad800000)
  from space 10240K, 99% used [0x00000007ad980000,0x00000007ae370060,0x00000007ae380000)
  to   space 14848K, 0% used [0x00000007ae680000,0x00000007ae680000,0x00000007af500000)
 ParOldGen       total 43008K, used 33744K [0x0000000780000000, 0x0000000782a00000, 0x00000007aab00000)
  object space 43008K, 78% used [0x0000000780000000,0x00000007820f4270,0x0000000782a00000)
 Metaspace       used 24826K, capacity 25165K, committed 25344K, reserved 1073152K
  class space    used 2459K, capacity 2559K, committed 2560K, reserved 1048576K
}
Event: 115.461 GC heap before
{Heap before GC invocations=23 (full 1):
 PSYoungGen      total 56320K, used 56256K [0x00000007aab00000, 0x00000007af500000, 0x00000007c0000000)
  eden space 46080K, 100% used [0x00000007aab00000,0x00000007ad800000,0x00000007ad800000)
  from space 10240K, 99% used [0x00000007ad980000,0x00000007ae370060,0x00000007ae380000)
  to   space 14848K, 0% used [0x00000007ae680000,0x00000007ae680000,0x00000007af500000)
 ParOldGen       total 43008K, used 33744K [0x0000000780000000, 0x0000000782a00000, 0x00000007aab00000)
  object space 43008K, 78% used [0x0000000780000000,0x00000007820f4270,0x0000000782a00000)
 Metaspace       used 24827K, capacity 25165K, committed 25344K, reserved 1073152K
  class space    used 2459K, capacity 2559K, committed 2560K, reserved 1048576K
Event: 115.465 GC heap after
Heap after GC invocations=23 (full 1):
 PSYoungGen      total 56832K, used 10144K [0x00000007aab00000, 0x00000007af280000, 0x00000007c0000000)
  eden space 44544K, 0% used [0x00000007aab00000,0x00000007aab00000,0x00000007ad680000)
  from space 12288K, 82% used [0x00000007ae680000,0x00000007af068060,0x00000007af280000)
  to   space 14336K, 0% used [0x00000007ad680000,0x00000007ad680000,0x00000007ae480000)
 ParOldGen       total 43008K, used 33744K [0x0000000780000000, 0x0000000782a00000, 0x00000007aab00000)
  object space 43008K, 78% used [0x0000000780000000,0x00000007820f4270,0x0000000782a00000)
 Metaspace       used 24827K, capacity 25165K, committed 25344K, reserved 1073152K
  class space    used 2459K, capacity 2559K, committed 2560K, reserved 1048576K
}
Event: 119.925 GC heap before
{Heap before GC invocations=24 (full 1):
 PSYoungGen      total 56832K, used 54688K [0x00000007aab00000, 0x00000007af280000, 0x00000007c0000000)
  eden space 44544K, 100% used [0x00000007aab00000,0x00000007ad680000,0x00000007ad680000)
  from space 12288K, 82% used [0x00000007ae680000,0x00000007af068060,0x00000007af280000)
  to   space 14336K, 0% used [0x00000007ad680000,0x00000007ad680000,0x00000007ae480000)
 ParOldGen       total 43008K, used 33744K [0x0000000780000000, 0x0000000782a00000, 0x00000007aab00000)
  object space 43008K, 78% used [0x0000000780000000,0x00000007820f4270,0x0000000782a00000)
 Metaspace       used 24827K, capacity 25165K, committed 25344K, reserved 1073152K
  class space    used 2459K, capacity 2559K, committed 2560K, reserved 1048576K
Event: 119.928 GC heap after
Heap after GC invocations=24 (full 1):
 PSYoungGen      total 53760K, used 10176K [0x00000007aab00000, 0x00000007af180000, 0x00000007c0000000)
  eden space 43520K, 0% used [0x00000007aab00000,0x00000007aab00000,0x00000007ad580000)
  from space 10240K, 99% used [0x00000007ad680000,0x00000007ae070060,0x00000007ae080000)
  to   space 14336K, 0% used [0x00000007ae380000,0x00000007ae380000,0x00000007af180000)
 ParOldGen       total 43008K, used 33744K [0x0000000780000000, 0x0000000782a00000, 0x00000007aab00000)
  object space 43008K, 78% used [0x0000000780000000,0x00000007820f4270,0x0000000782a00000)
 Metaspace       used 24827K, capacity 25165K, committed 25344K, reserved 1073152K
  class space    used 2459K, capacity 2559K, committed 2560K, reserved 1048576K
}

