# JRE version: Java(TM) SE Runtime Environment (8.0_73-b02) (build 1.8.0_73-b02)
# Java VM: Java HotSpot(TM) 64-Bit Server VM (25.73-b02 mixed mode bsd-amd64 compressed oops)
Heap:
 PSYoungGen      total 52224K, used 37802K [0x00000007aab00000, 0x00000007af480000, 0x00000007c0000000)
  eden space 42496K, 69% used [0x00000007aab00000,0x00000007ac7de810,0x00000007ad480000)
  from space 9728K, 84% used [0x00000007ad480000,0x00000007adc8c1b0,0x00000007ade00000)
  to   space 10240K, 0% used [0x00000007aea80000,0x00000007aea80000,0x00000007af480000)
 ParOldGen       total 41984K, used 20016K [0x0000000780000000, 0x0000000782900000, 0x00000007aab00000)
  object space 41984K, 47% used [0x0000000780000000,0x000000078138c0d8,0x0000000782900000)
 Metaspace       used 24225K, capacity 24477K, committed 24576K, reserved 1071104K
  class space    used 2445K, capacity 2527K, committed 2560K, reserved 1048576K
GC Heap History (10 events):
Event: 4.881 GC heap before
{Heap before GC invocations=6 (full 1):
 PSYoungGen      total 18944K, used 2544K [0x00000007aab00000, 0x00000007add00000, 0x00000007c0000000)
  eden space 16384K, 0% used [0x00000007aab00000,0x00000007aab00000,0x00000007abb00000)
  from space 2560K, 99% used [0x00000007abb00000,0x00000007abd7c050,0x00000007abd80000)
  to   space 9216K, 0% used [0x00000007ad400000,0x00000007ad400000,0x00000007add00000)
 ParOldGen       total 44032K, used 15561K [0x0000000780000000, 0x0000000782b00000, 0x00000007aab00000)
  object space 44032K, 35% used [0x0000000780000000,0x0000000780f32580,0x0000000782b00000)
 Metaspace       used 20905K, capacity 21101K, committed 21248K, reserved 1069056K
  class space    used 2131K, capacity 2207K, committed 2304K, reserved 1048576K
Event: 4.921 GC heap after
Heap after GC invocations=6 (full 1):
 PSYoungGen      total 18944K, used 0K [0x00000007aab00000, 0x00000007add00000, 0x00000007c0000000)
  eden space 16384K, 0% used [0x00000007aab00000,0x00000007aab00000,0x00000007abb00000)
  from space 2560K, 0% used [0x00000007abb00000,0x00000007abb00000,0x00000007abd80000)
  to   space 9216K, 0% used [0x00000007ad400000,0x00000007ad400000,0x00000007add00000)
 ParOldGen       total 41984K, used 13537K [0x0000000780000000, 0x0000000782900000, 0x00000007aab00000)
  object space 41984K, 32% used [0x0000000780000000,0x0000000780d38628,0x0000000782900000)
 Metaspace       used 20905K, capacity 21101K, committed 21248K, reserved 1069056K
  class space    used 2131K, capacity 2207K, committed 2304K, reserved 1048576K
}
Event: 5.364 GC heap before
{Heap before GC invocations=7 (full 1):
 PSYoungGen      total 18944K, used 16360K [0x00000007aab00000, 0x00000007add00000, 0x00000007c0000000)
  eden space 16384K, 99% used [0x00000007aab00000,0x00000007abafa340,0x00000007abb00000)
  from space 2560K, 0% used [0x00000007abb00000,0x00000007abb00000,0x00000007abd80000)
  to   space 9216K, 0% used [0x00000007ad400000,0x00000007ad400000,0x00000007add00000)
 ParOldGen       total 41984K, used 13537K [0x0000000780000000, 0x0000000782900000, 0x00000007aab00000)
  object space 41984K, 32% used [0x0000000780000000,0x0000000780d38628,0x0000000782900000)
 Metaspace       used 21440K, capacity 21681K, committed 21760K, reserved 1069056K
  class space    used 2164K, capacity 2271K, committed 2304K, reserved 1048576K
Event: 5.368 GC heap after
Heap after GC invocations=7 (full 1):
 PSYoungGen      total 31232K, used 4000K [0x00000007aab00000, 0x00000007ad800000, 0x00000007c0000000)
  eden space 27136K, 0% used [0x00000007aab00000,0x00000007aab00000,0x00000007ac580000)
  from space 4096K, 97% used [0x00000007ad400000,0x00000007ad7e8130,0x00000007ad800000)
  to   space 9216K, 0% used [0x00000007ac600000,0x00000007ac600000,0x00000007acf00000)
 ParOldGen       total 41984K, used 13545K [0x0000000780000000, 0x0000000782900000, 0x00000007aab00000)
  object space 41984K, 32% used [0x0000000780000000,0x0000000780d3a628,0x0000000782900000)
 Metaspace       used 21440K, capacity 21681K, committed 21760K, reserved 1069056K
  class space    used 2164K, capacity 2271K, committed 2304K, reserved 1048576K
}
Event: 9.862 GC heap before
{Heap before GC invocations=8 (full 1):
 PSYoungGen      total 31232K, used 30138K [0x00000007aab00000, 0x00000007ad800000, 0x00000007c0000000)
  eden space 27136K, 96% used [0x00000007aab00000,0x00000007ac486838,0x00000007ac580000)
  from space 4096K, 97% used [0x00000007ad400000,0x00000007ad7e8130,0x00000007ad800000)
  to   space 9216K, 0% used [0x00000007ac600000,0x00000007ac600000,0x00000007acf00000)
 ParOldGen       total 41984K, used 13545K [0x0000000780000000, 0x0000000782900000, 0x00000007aab00000)
  object space 41984K, 32% used [0x0000000780000000,0x0000000780d3a628,0x0000000782900000)
 Metaspace       used 23305K, capacity 23563K, committed 23808K, reserved 1071104K
  class space    used 2397K, capacity 2484K, committed 2560K, reserved 1048576K
Event: 9.867 GC heap after
Heap after GC invocations=8 (full 1):
 PSYoungGen      total 36864K, used 5488K [0x00000007aab00000, 0x00000007ae680000, 0x00000007c0000000)
  eden space 27648K, 0% used [0x00000007aab00000,0x00000007aab00000,0x00000007ac600000)
  from space 9216K, 59% used [0x00000007ac600000,0x00000007acb5c130,0x00000007acf00000)
  to   space 8704K, 0% used [0x00000007ade00000,0x00000007ade00000,0x00000007ae680000)
 ParOldGen       total 41984K, used 13553K [0x0000000780000000, 0x0000000782900000, 0x00000007aab00000)
  object space 41984K, 32% used [0x0000000780000000,0x0000000780d3c628,0x0000000782900000)
 Metaspace       used 23305K, capacity 23563K, committed 23808K, reserved 1071104K
  class space    used 2397K, capacity 2484K, committed 2560K, reserved 1048576K
}
Event: 12.697 GC heap before
{Heap before GC invocations=9 (full 1):
 PSYoungGen      total 36864K, used 33136K [0x00000007aab00000, 0x00000007ae680000, 0x00000007c0000000)
  eden space 27648K, 100% used [0x00000007aab00000,0x00000007ac600000,0x00000007ac600000)
  from space 9216K, 59% used [0x00000007ac600000,0x00000007acb5c130,0x00000007acf00000)
  to   space 8704K, 0% used [0x00000007ade00000,0x00000007ade00000,0x00000007ae680000)
 ParOldGen       total 41984K, used 13553K [0x0000000780000000, 0x0000000782900000, 0x00000007aab00000)
  object space 41984K, 32% used [0x0000000780000000,0x0000000780d3c628,0x0000000782900000)
 Metaspace       used 23668K, capacity 23947K, committed 24320K, reserved 1071104K
  class space    used 2424K, capacity 2484K, committed 2560K, reserved 1048576K
Event: 12.703 GC heap after
Heap after GC invocations=9 (full 1):
 PSYoungGen      total 51200K, used 8608K [0x00000007aab00000, 0x00000007ae800000, 0x00000007c0000000)
  eden space 42496K, 0% used [0x00000007aab00000,0x00000007aab00000,0x00000007ad480000)
  from space 8704K, 98% used [0x00000007ade00000,0x00000007ae6681e0,0x00000007ae680000)
  to   space 9728K, 0% used [0x00000007ad480000,0x00000007ad480000,0x00000007ade00000)
 ParOldGen       total 41984K, used 17401K [0x0000000780000000, 0x0000000782900000, 0x00000007aab00000)
  object space 41984K, 41% used [0x0000000780000000,0x00000007810fe718,0x0000000782900000)
 Metaspace       used 23668K, capacity 23947K, committed 24320K, reserved 1071104K
  class space    used 2424K, capacity 2484K, committed 2560K, reserved 1048576K
}
Event: 16.190 GC heap before
{Heap before GC invocations=10 (full 1):
 PSYoungGen      total 51200K, used 51104K [0x00000007aab00000, 0x00000007ae800000, 0x00000007c0000000)
  eden space 42496K, 100% used [0x00000007aab00000,0x00000007ad480000,0x00000007ad480000)
  from space 8704K, 98% used [0x00000007ade00000,0x00000007ae6681e0,0x00000007ae680000)
  to   space 9728K, 0% used [0x00000007ad480000,0x00000007ad480000,0x00000007ade00000)
 ParOldGen       total 41984K, used 17401K [0x0000000780000000, 0x0000000782900000, 0x00000007aab00000)
  object space 41984K, 41% used [0x0000000780000000,0x00000007810fe718,0x0000000782900000)
 Metaspace       used 23899K, capacity 24139K, committed 24320K, reserved 1071104K
  class space    used 2424K, capacity 2484K, committed 2560K, reserved 1048576K
Event: 16.195 GC heap after
Heap after GC invocations=10 (full 1):
 PSYoungGen      total 52224K, used 8240K [0x00000007aab00000, 0x00000007af480000, 0x00000007c0000000)
  eden space 42496K, 0% used [0x00000007aab00000,0x00000007aab00000,0x00000007ad480000)
  from space 9728K, 84% used [0x00000007ad480000,0x00000007adc8c1b0,0x00000007ade00000)
  to   space 10240K, 0% used [0x00000007aea80000,0x00000007aea80000,0x00000007af480000)
 ParOldGen       total 41984K, used 20016K [0x0000000780000000, 0x0000000782900000, 0x00000007aab00000)
  object space 41984K, 47% used [0x0000000780000000,0x000000078138c0d8,0x0000000782900000)
 Metaspace       used 23899K, capacity 24139K, committed 24320K, reserved 1071104K
  class space    used 2424K, capacity 2484K, committed 2560K, reserved 1048576K
}

