# JRE version: Java(TM) SE Runtime Environment (8.0_73-b02) (build 1.8.0_73-b02)
# Java VM: Java HotSpot(TM) 64-Bit Server VM (25.73-b02 mixed mode bsd-amd64 compressed oops)
Heap:
 PSYoungGen      total 61952K, used 25492K [0x00000007aab00000, 0x00000007afc00000, 0x00000007c0000000)
  eden space 49152K, 26% used [0x00000007aab00000,0x00000007ab7c4dc0,0x00000007adb00000)
  from space 12800K, 97% used [0x00000007adc80000,0x00000007ae8a0290,0x00000007ae900000)
  to   space 16896K, 0% used [0x00000007aeb80000,0x00000007aeb80000,0x00000007afc00000)
 ParOldGen       total 45056K, used 25530K [0x0000000780000000, 0x0000000782c00000, 0x00000007aab00000)
  object space 45056K, 56% used [0x0000000780000000,0x00000007818ee9c0,0x0000000782c00000)
 Metaspace       used 24049K, capacity 24363K, committed 24576K, reserved 1071104K
  class space    used 2404K, capacity 2492K, committed 2560K, reserved 1048576K
GC Heap History (10 events):
Event: 31.849 GC heap before
{Heap before GC invocations=14 (full 1):
 PSYoungGen      total 67072K, used 67040K [0x00000007aab00000, 0x00000007af880000, 0x00000007c0000000)
  eden space 57344K, 100% used [0x00000007aab00000,0x00000007ae300000,0x00000007ae300000)
  from space 9728K, 99% used [0x00000007aed80000,0x00000007af6f8280,0x00000007af700000)
  to   space 10752K, 0% used [0x00000007ae300000,0x00000007ae300000,0x00000007aed80000)
 ParOldGen       total 45056K, used 18594K [0x0000000780000000, 0x0000000782c00000, 0x00000007aab00000)
  object space 45056K, 41% used [0x0000000780000000,0x0000000781228810,0x0000000782c00000)
 Metaspace       used 23830K, capacity 24093K, committed 24320K, reserved 1071104K
  class space    used 2388K, capacity 2491K, committed 2560K, reserved 1048576K
Event: 31.856 GC heap after
Heap after GC invocations=14 (full 1):
 PSYoungGen      total 66048K, used 10736K [0x00000007aab00000, 0x00000007af900000, 0x00000007c0000000)
  eden space 55296K, 0% used [0x00000007aab00000,0x00000007aab00000,0x00000007ae100000)
  from space 10752K, 99% used [0x00000007ae300000,0x00000007aed7c270,0x00000007aed80000)
  to   space 11776K, 0% used [0x00000007aed80000,0x00000007aed80000,0x00000007af900000)
 ParOldGen       total 45056K, used 23722K [0x0000000780000000, 0x0000000782c00000, 0x00000007aab00000)
  object space 45056K, 52% used [0x0000000780000000,0x000000078172a950,0x0000000782c00000)
 Metaspace       used 23830K, capacity 24093K, committed 24320K, reserved 1071104K
  class space    used 2388K, capacity 2491K, committed 2560K, reserved 1048576K
}
Event: 38.150 GC heap before
{Heap before GC invocations=15 (full 1):
 PSYoungGen      total 66048K, used 66032K [0x00000007aab00000, 0x00000007af900000, 0x00000007c0000000)
  eden space 55296K, 100% used [0x00000007aab00000,0x00000007ae100000,0x00000007ae100000)
  from space 10752K, 99% used [0x00000007ae300000,0x00000007aed7c270,0x00000007aed80000)
  to   space 11776K, 0% used [0x00000007aed80000,0x00000007aed80000,0x00000007af900000)
 ParOldGen       total 45056K, used 23722K [0x0000000780000000, 0x0000000782c00000, 0x00000007aab00000)
  object space 45056K, 52% used [0x0000000780000000,0x000000078172a950,0x0000000782c00000)
 Metaspace       used 23896K, capacity 24171K, committed 24320K, reserved 1071104K
  class space    used 2388K, capacity 2492K, committed 2560K, reserved 1048576K
Event: 38.154 GC heap after
Heap after GC invocations=15 (full 1):
 PSYoungGen      total 65536K, used 11584K [0x00000007aab00000, 0x00000007af980000, 0x00000007c0000000)
  eden space 53760K, 0% used [0x00000007aab00000,0x00000007aab00000,0x00000007adf80000)
  from space 11776K, 98% used [0x00000007aed80000,0x00000007af8d02a0,0x00000007af900000)
  to   space 13312K, 0% used [0x00000007adf80000,0x00000007adf80000,0x00000007aec80000)
 ParOldGen       total 45056K, used 25522K [0x0000000780000000, 0x0000000782c00000, 0x00000007aab00000)
  object space 45056K, 56% used [0x0000000780000000,0x00000007818ec9c0,0x0000000782c00000)
 Metaspace       used 23896K, capacity 24171K, committed 24320K, reserved 1071104K
  class space    used 2388K, capacity 2492K, committed 2560K, reserved 1048576K
}
Event: 43.980 GC heap before
{Heap before GC invocations=16 (full 1):
 PSYoungGen      total 65536K, used 65344K [0x00000007aab00000, 0x00000007af980000, 0x00000007c0000000)
  eden space 53760K, 100% used [0x00000007aab00000,0x00000007adf80000,0x00000007adf80000)
  from space 11776K, 98% used [0x00000007aed80000,0x00000007af8d02a0,0x00000007af900000)
  to   space 13312K, 0% used [0x00000007adf80000,0x00000007adf80000,0x00000007aec80000)
 ParOldGen       total 45056K, used 25522K [0x0000000780000000, 0x0000000782c00000, 0x00000007aab00000)
  object space 45056K, 56% used [0x0000000780000000,0x00000007818ec9c0,0x0000000782c00000)
 Metaspace       used 23956K, capacity 24171K, committed 24320K, reserved 1071104K
  class space    used 2400K, capacity 2492K, committed 2560K, reserved 1048576K
Event: 43.985 GC heap after
Heap after GC invocations=16 (full 1):
 PSYoungGen      total 65536K, used 11872K [0x00000007aab00000, 0x00000007afb00000, 0x00000007c0000000)
  eden space 52224K, 0% used [0x00000007aab00000,0x00000007aab00000,0x00000007ade00000)
  from space 13312K, 89% used [0x00000007adf80000,0x00000007aeb182d0,0x00000007aec80000)
  to   space 14848K, 0% used [0x00000007aec80000,0x00000007aec80000,0x00000007afb00000)
 ParOldGen       total 45056K, used 25522K [0x0000000780000000, 0x0000000782c00000, 0x00000007aab00000)
  object space 45056K, 56% used [0x0000000780000000,0x00000007818ec9c0,0x0000000782c00000)
 Metaspace       used 23956K, capacity 24171K, committed 24320K, reserved 1071104K
  class space    used 2400K, capacity 2492K, committed 2560K, reserved 1048576K
}
Event: 52.799 GC heap before
{Heap before GC invocations=17 (full 1):
 PSYoungGen      total 65536K, used 64096K [0x00000007aab00000, 0x00000007afb00000, 0x00000007c0000000)
  eden space 52224K, 100% used [0x00000007aab00000,0x00000007ade00000,0x00000007ade00000)
  from space 13312K, 89% used [0x00000007adf80000,0x00000007aeb182d0,0x00000007aec80000)
  to   space 14848K, 0% used [0x00000007aec80000,0x00000007aec80000,0x00000007afb00000)
 ParOldGen       total 45056K, used 25522K [0x0000000780000000, 0x0000000782c00000, 0x00000007aab00000)
  object space 45056K, 56% used [0x0000000780000000,0x00000007818ec9c0,0x0000000782c00000)
 Metaspace       used 24027K, capacity 24299K, committed 24576K, reserved 1071104K
  class space    used 2400K, capacity 2492K, committed 2560K, reserved 1048576K
Event: 52.802 GC heap after
Heap after GC invocations=17 (full 1):
 PSYoungGen      total 65536K, used 12400K [0x00000007aab00000, 0x00000007afb80000, 0x00000007c0000000)
  eden space 50688K, 0% used [0x00000007aab00000,0x00000007aab00000,0x00000007adc80000)
  from space 14848K, 83% used [0x00000007aec80000,0x00000007af89c280,0x00000007afb00000)
  to   space 15872K, 0% used [0x00000007adc80000,0x00000007adc80000,0x00000007aec00000)
 ParOldGen       total 45056K, used 25530K [0x0000000780000000, 0x0000000782c00000, 0x00000007aab00000)
  object space 45056K, 56% used [0x0000000780000000,0x00000007818ee9c0,0x0000000782c00000)
 Metaspace       used 24027K, capacity 24299K, committed 24576K, reserved 1071104K
  class space    used 2400K, capacity 2492K, committed 2560K, reserved 1048576K
}
Event: 58.603 GC heap before
{Heap before GC invocations=18 (full 1):
 PSYoungGen      total 65536K, used 63088K [0x00000007aab00000, 0x00000007afb80000, 0x00000007c0000000)
  eden space 50688K, 100% used [0x00000007aab00000,0x00000007adc80000,0x00000007adc80000)
  from space 14848K, 83% used [0x00000007aec80000,0x00000007af89c280,0x00000007afb00000)
  to   space 15872K, 0% used [0x00000007adc80000,0x00000007adc80000,0x00000007aec00000)
 ParOldGen       total 45056K, used 25530K [0x0000000780000000, 0x0000000782c00000, 0x00000007aab00000)
  object space 45056K, 56% used [0x0000000780000000,0x00000007818ee9c0,0x0000000782c00000)
 Metaspace       used 24028K, capacity 24299K, committed 24576K, reserved 1071104K
  class space    used 2400K, capacity 2492K, committed 2560K, reserved 1048576K
Event: 58.607 GC heap after
Heap after GC invocations=18 (full 1):
 PSYoungGen      total 61952K, used 12416K [0x00000007aab00000, 0x00000007afc00000, 0x00000007c0000000)
  eden space 49152K, 0% used [0x00000007aab00000,0x00000007aab00000,0x00000007adb00000)
  from space 12800K, 97% used [0x00000007adc80000,0x00000007ae8a0290,0x00000007ae900000)
  to   space 16896K, 0% used [0x00000007aeb80000,0x00000007aeb80000,0x00000007afc00000)
 ParOldGen       total 45056K, used 25530K [0x0000000780000000, 0x0000000782c00000, 0x00000007aab00000)
  object space 45056K, 56% used [0x0000000780000000,0x00000007818ee9c0,0x0000000782c00000)
 Metaspace       used 24028K, capacity 24299K, committed 24576K, reserved 1071104K
  class space    used 2400K, capacity 2492K, committed 2560K, reserved 1048576K
}

