# JRE version: Java(TM) SE Runtime Environment (8.0_73-b02) (build 1.8.0_73-b02)
# Java VM: Java HotSpot(TM) 64-Bit Server VM (25.73-b02 mixed mode bsd-amd64 compressed oops)
Heap:
 PSYoungGen      total 37376K, used 29878K [0x00000007aab00000, 0x00000007ae280000, 0x00000007c0000000)
  eden space 28160K, 88% used [0x00000007aab00000,0x00000007ac3698d0,0x00000007ac680000)
  from space 9216K, 52% used [0x00000007ac680000,0x00000007acb44130,0x00000007acf80000)
  to   space 8704K, 0% used [0x00000007ada00000,0x00000007ada00000,0x00000007ae280000)
 ParOldGen       total 44032K, used 14409K [0x0000000780000000, 0x0000000782b00000, 0x00000007aab00000)
  object space 44032K, 32% used [0x0000000780000000,0x0000000780e12460,0x0000000782b00000)
 Metaspace       used 24180K, capacity 24475K, committed 24576K, reserved 1071104K
  class space    used 2436K, capacity 2526K, committed 2560K, reserved 1048576K
GC Heap History (10 events):
Event: 5.304 GC heap before
{Heap before GC invocations=4 (full 0):
 PSYoungGen      total 18944K, used 18928K [0x00000007aab00000, 0x00000007ac000000, 0x00000007c0000000)
  eden space 16384K, 100% used [0x00000007aab00000,0x00000007abb00000,0x00000007abb00000)
  from space 2560K, 99% used [0x00000007abb00000,0x00000007abd7c050,0x00000007abd80000)
  to   space 2560K, 0% used [0x00000007abd80000,0x00000007abd80000,0x00000007ac000000)
 ParOldGen       total 44032K, used 6462K [0x0000000780000000, 0x0000000782b00000, 0x00000007aab00000)
  object space 44032K, 14% used [0x0000000780000000,0x000000078064fbd0,0x0000000782b00000)
 Metaspace       used 20360K, capacity 20585K, committed 20864K, reserved 1069056K
  class space    used 2071K, capacity 2143K, committed 2176K, reserved 1048576K
Event: 5.318 GC heap after
Heap after GC invocations=4 (full 0):
 PSYoungGen      total 18944K, used 2545K [0x00000007aab00000, 0x00000007ac000000, 0x00000007c0000000)
  eden space 16384K, 0% used [0x00000007aab00000,0x00000007aab00000,0x00000007abb00000)
  from space 2560K, 99% used [0x00000007abd80000,0x00000007abffc4a8,0x00000007ac000000)
  to   space 2560K, 0% used [0x00000007abb00000,0x00000007abb00000,0x00000007abd80000)
 ParOldGen       total 44032K, used 11102K [0x0000000780000000, 0x0000000782b00000, 0x00000007aab00000)
  object space 44032K, 25% used [0x0000000780000000,0x0000000780ad78e8,0x0000000782b00000)
 Metaspace       used 20360K, capacity 20585K, committed 20864K, reserved 1069056K
  class space    used 2071K, capacity 2143K, committed 2176K, reserved 1048576K
}
Event: 5.596 GC heap before
{Heap before GC invocations=5 (full 0):
 PSYoungGen      total 18944K, used 12143K [0x00000007aab00000, 0x00000007ac000000, 0x00000007c0000000)
  eden space 16384K, 58% used [0x00000007aab00000,0x00000007ab45f950,0x00000007abb00000)
  from space 2560K, 99% used [0x00000007abd80000,0x00000007abffc4a8,0x00000007ac000000)
  to   space 2560K, 0% used [0x00000007abb00000,0x00000007abb00000,0x00000007abd80000)
 ParOldGen       total 44032K, used 11102K [0x0000000780000000, 0x0000000782b00000, 0x00000007aab00000)
  object space 44032K, 25% used [0x0000000780000000,0x0000000780ad78e8,0x0000000782b00000)
 Metaspace       used 20924K, capacity 21129K, committed 21296K, reserved 1069056K
  class space    used 2118K, capacity 2175K, committed 2176K, reserved 1048576K
Event: 5.605 GC heap after
Heap after GC invocations=5 (full 0):
 PSYoungGen      total 18944K, used 2544K [0x00000007aab00000, 0x00000007add00000, 0x00000007c0000000)
  eden space 16384K, 0% used [0x00000007aab00000,0x00000007aab00000,0x00000007abb00000)
  from space 2560K, 99% used [0x00000007abb00000,0x00000007abd7c040,0x00000007abd80000)
  to   space 9216K, 0% used [0x00000007ad400000,0x00000007ad400000,0x00000007add00000)
 ParOldGen       total 44032K, used 15700K [0x0000000780000000, 0x0000000782b00000, 0x00000007aab00000)
  object space 44032K, 35% used [0x0000000780000000,0x0000000780f552b8,0x0000000782b00000)
 Metaspace       used 20924K, capacity 21129K, committed 21296K, reserved 1069056K
  class space    used 2118K, capacity 2175K, committed 2176K, reserved 1048576K
}
Event: 5.605 GC heap before
{Heap before GC invocations=6 (full 1):
 PSYoungGen      total 18944K, used 2544K [0x00000007aab00000, 0x00000007add00000, 0x00000007c0000000)
  eden space 16384K, 0% used [0x00000007aab00000,0x00000007aab00000,0x00000007abb00000)
  from space 2560K, 99% used [0x00000007abb00000,0x00000007abd7c040,0x00000007abd80000)
  to   space 9216K, 0% used [0x00000007ad400000,0x00000007ad400000,0x00000007add00000)
 ParOldGen       total 44032K, used 15700K [0x0000000780000000, 0x0000000782b00000, 0x00000007aab00000)
  object space 44032K, 35% used [0x0000000780000000,0x0000000780f552b8,0x0000000782b00000)
 Metaspace       used 20924K, capacity 21129K, committed 21296K, reserved 1069056K
  class space    used 2118K, capacity 2175K, committed 2176K, reserved 1048576K
Event: 5.653 GC heap after
Heap after GC invocations=6 (full 1):
 PSYoungGen      total 18944K, used 0K [0x00000007aab00000, 0x00000007add00000, 0x00000007c0000000)
  eden space 16384K, 0% used [0x00000007aab00000,0x00000007aab00000,0x00000007abb00000)
  from space 2560K, 0% used [0x00000007abb00000,0x00000007abb00000,0x00000007abd80000)
  to   space 9216K, 0% used [0x00000007ad400000,0x00000007ad400000,0x00000007add00000)
 ParOldGen       total 44032K, used 14393K [0x0000000780000000, 0x0000000782b00000, 0x00000007aab00000)
  object space 44032K, 32% used [0x0000000780000000,0x0000000780e0e460,0x0000000782b00000)
 Metaspace       used 20924K, capacity 21129K, committed 21296K, reserved 1069056K
  class space    used 2118K, capacity 2175K, committed 2176K, reserved 1048576K
}
Event: 6.237 GC heap before
{Heap before GC invocations=7 (full 1):
 PSYoungGen      total 18944K, used 16141K [0x00000007aab00000, 0x00000007add00000, 0x00000007c0000000)
  eden space 16384K, 98% used [0x00000007aab00000,0x00000007abac3440,0x00000007abb00000)
  from space 2560K, 0% used [0x00000007abb00000,0x00000007abb00000,0x00000007abd80000)
  to   space 9216K, 0% used [0x00000007ad400000,0x00000007ad400000,0x00000007add00000)
 ParOldGen       total 44032K, used 14393K [0x0000000780000000, 0x0000000782b00000, 0x00000007aab00000)
  object space 44032K, 32% used [0x0000000780000000,0x0000000780e0e460,0x0000000782b00000)
 Metaspace       used 21455K, capacity 21631K, committed 21936K, reserved 1069056K
  class space    used 2150K, capacity 2210K, committed 2304K, reserved 1048576K
Event: 6.241 GC heap after
Heap after GC invocations=7 (full 1):
 PSYoungGen      total 30720K, used 4344K [0x00000007aab00000, 0x00000007ad880000, 0x00000007c0000000)
  eden space 26112K, 0% used [0x00000007aab00000,0x00000007aab00000,0x00000007ac480000)
  from space 4608K, 94% used [0x00000007ad400000,0x00000007ad83e2d0,0x00000007ad880000)
  to   space 9216K, 0% used [0x00000007ac680000,0x00000007ac680000,0x00000007acf80000)
 ParOldGen       total 44032K, used 14401K [0x0000000780000000, 0x0000000782b00000, 0x00000007aab00000)
  object space 44032K, 32% used [0x0000000780000000,0x0000000780e10460,0x0000000782b00000)
 Metaspace       used 21455K, capacity 21631K, committed 21936K, reserved 1069056K
  class space    used 2150K, capacity 2210K, committed 2304K, reserved 1048576K
}
Event: 11.421 GC heap before
{Heap before GC invocations=8 (full 1):
 PSYoungGen      total 30720K, used 30456K [0x00000007aab00000, 0x00000007ad880000, 0x00000007c0000000)
  eden space 26112K, 100% used [0x00000007aab00000,0x00000007ac480000,0x00000007ac480000)
  from space 4608K, 94% used [0x00000007ad400000,0x00000007ad83e2d0,0x00000007ad880000)
  to   space 9216K, 0% used [0x00000007ac680000,0x00000007ac680000,0x00000007acf80000)
 ParOldGen       total 44032K, used 14401K [0x0000000780000000, 0x0000000782b00000, 0x00000007aab00000)
  object space 44032K, 32% used [0x0000000780000000,0x0000000780e10460,0x0000000782b00000)
 Metaspace       used 21923K, capacity 22147K, committed 22448K, reserved 1069056K
  class space    used 2168K, capacity 2248K, committed 2304K, reserved 1048576K
Event: 11.425 GC heap after
Heap after GC invocations=8 (full 1):
 PSYoungGen      total 37376K, used 4880K [0x00000007aab00000, 0x00000007ae280000, 0x00000007c0000000)
  eden space 28160K, 0% used [0x00000007aab00000,0x00000007aab00000,0x00000007ac680000)
  from space 9216K, 52% used [0x00000007ac680000,0x00000007acb44130,0x00000007acf80000)
  to   space 8704K, 0% used [0x00000007ada00000,0x00000007ada00000,0x00000007ae280000)
 ParOldGen       total 44032K, used 14409K [0x0000000780000000, 0x0000000782b00000, 0x00000007aab00000)
  object space 44032K, 32% used [0x0000000780000000,0x0000000780e12460,0x0000000782b00000)
 Metaspace       used 21923K, capacity 22147K, committed 22448K, reserved 1069056K
  class space    used 2168K, capacity 2248K, committed 2304K, reserved 1048576K
}

