# JRE version: Java(TM) SE Runtime Environment (8.0_73-b02) (build 1.8.0_73-b02)
# Java VM: Java HotSpot(TM) 64-Bit Server VM (25.73-b02 mixed mode bsd-amd64 compressed oops)
Heap:
 PSYoungGen      total 12288K, used 9400K [0x00000007aab00000, 0x00000007ab900000, 0x00000007c0000000)
  eden space 10240K, 82% used [0x00000007aab00000,0x00000007ab33e370,0x00000007ab500000)
  from space 2048K, 46% used [0x00000007ab700000,0x00000007ab7f0000,0x00000007ab900000)
  to   space 2048K, 0% used [0x00000007ab500000,0x00000007ab500000,0x00000007ab700000)
 ParOldGen       total 37376K, used 31201K [0x0000000780000000, 0x0000000782480000, 0x00000007aab00000)
  object space 37376K, 83% used [0x0000000780000000,0x0000000781e784a0,0x0000000782480000)
 Metaspace       used 24453K, capacity 24697K, committed 24832K, reserved 1071104K
  class space    used 2449K, capacity 2517K, committed 2560K, reserved 1048576K
GC Heap History (10 events):
Event: 152.646 GC heap before
{Heap before GC invocations=95 (full 1):
 PSYoungGen      total 11776K, used 11232K [0x00000007aab00000, 0x00000007ab900000, 0x00000007c0000000)
  eden space 10240K, 100% used [0x00000007aab00000,0x00000007ab500000,0x00000007ab500000)
  from space 1536K, 64% used [0x00000007ab500000,0x00000007ab5f8000,0x00000007ab680000)
  to   space 2048K, 0% used [0x00000007ab700000,0x00000007ab700000,0x00000007ab900000)
 ParOldGen       total 37376K, used 31193K [0x0000000780000000, 0x0000000782480000, 0x00000007aab00000)
  object space 37376K, 83% used [0x0000000780000000,0x0000000781e764a0,0x0000000782480000)
 Metaspace       used 24431K, capacity 24697K, committed 24832K, reserved 1071104K
  class space    used 2446K, capacity 2517K, committed 2560K, reserved 1048576K
Event: 152.648 GC heap after
Heap after GC invocations=95 (full 1):
 PSYoungGen      total 12288K, used 992K [0x00000007aab00000, 0x00000007ab900000, 0x00000007c0000000)
  eden space 10240K, 0% used [0x00000007aab00000,0x00000007aab00000,0x00000007ab500000)
  from space 2048K, 48% used [0x00000007ab700000,0x00000007ab7f8000,0x00000007ab900000)
  to   space 2048K, 0% used [0x00000007ab500000,0x00000007ab500000,0x00000007ab700000)
 ParOldGen       total 37376K, used 31193K [0x0000000780000000, 0x0000000782480000, 0x00000007aab00000)
  object space 37376K, 83% used [0x0000000780000000,0x0000000781e764a0,0x0000000782480000)
 Metaspace       used 24431K, capacity 24697K, committed 24832K, reserved 1071104K
  class space    used 2446K, capacity 2517K, committed 2560K, reserved 1048576K
}
Event: 153.763 GC heap before
{Heap before GC invocations=96 (full 1):
 PSYoungGen      total 12288K, used 11232K [0x00000007aab00000, 0x00000007ab900000, 0x00000007c0000000)
  eden space 10240K, 100% used [0x00000007aab00000,0x00000007ab500000,0x00000007ab500000)
  from space 2048K, 48% used [0x00000007ab700000,0x00000007ab7f8000,0x00000007ab900000)
  to   space 2048K, 0% used [0x00000007ab500000,0x00000007ab500000,0x00000007ab700000)
 ParOldGen       total 37376K, used 31193K [0x0000000780000000, 0x0000000782480000, 0x00000007aab00000)
  object space 37376K, 83% used [0x0000000780000000,0x0000000781e764a0,0x0000000782480000)
 Metaspace       used 24431K, capacity 24697K, committed 24832K, reserved 1071104K
  class space    used 2446K, capacity 2517K, committed 2560K, reserved 1048576K
Event: 153.764 GC heap after
Heap after GC invocations=96 (full 1):
 PSYoungGen      total 12288K, used 960K [0x00000007aab00000, 0x00000007ab900000, 0x00000007c0000000)
  eden space 10240K, 0% used [0x00000007aab00000,0x00000007aab00000,0x00000007ab500000)
  from space 2048K, 46% used [0x00000007ab500000,0x00000007ab5f0000,0x00000007ab700000)
  to   space 2048K, 0% used [0x00000007ab700000,0x00000007ab700000,0x00000007ab900000)
 ParOldGen       total 37376K, used 31201K [0x0000000780000000, 0x0000000782480000, 0x00000007aab00000)
  object space 37376K, 83% used [0x0000000780000000,0x0000000781e784a0,0x0000000782480000)
 Metaspace       used 24431K, capacity 24697K, committed 24832K, reserved 1071104K
  class space    used 2446K, capacity 2517K, committed 2560K, reserved 1048576K
}
Event: 154.877 GC heap before
{Heap before GC invocations=97 (full 1):
 PSYoungGen      total 12288K, used 11200K [0x00000007aab00000, 0x00000007ab900000, 0x00000007c0000000)
  eden space 10240K, 100% used [0x00000007aab00000,0x00000007ab500000,0x00000007ab500000)
  from space 2048K, 46% used [0x00000007ab500000,0x00000007ab5f0000,0x00000007ab700000)
  to   space 2048K, 0% used [0x00000007ab700000,0x00000007ab700000,0x00000007ab900000)
 ParOldGen       total 37376K, used 31201K [0x0000000780000000, 0x0000000782480000, 0x00000007aab00000)
  object space 37376K, 83% used [0x0000000780000000,0x0000000781e784a0,0x0000000782480000)
 Metaspace       used 24431K, capacity 24697K, committed 24832K, reserved 1071104K
  class space    used 2446K, capacity 2517K, committed 2560K, reserved 1048576K
Event: 154.878 GC heap after
Heap after GC invocations=97 (full 1):
 PSYoungGen      total 12288K, used 1024K [0x00000007aab00000, 0x00000007ab900000, 0x00000007c0000000)
  eden space 10240K, 0% used [0x00000007aab00000,0x00000007aab00000,0x00000007ab500000)
  from space 2048K, 50% used [0x00000007ab700000,0x00000007ab800000,0x00000007ab900000)
  to   space 2048K, 0% used [0x00000007ab500000,0x00000007ab500000,0x00000007ab700000)
 ParOldGen       total 37376K, used 31201K [0x0000000780000000, 0x0000000782480000, 0x00000007aab00000)
  object space 37376K, 83% used [0x0000000780000000,0x0000000781e784a0,0x0000000782480000)
 Metaspace       used 24431K, capacity 24697K, committed 24832K, reserved 1071104K
  class space    used 2446K, capacity 2517K, committed 2560K, reserved 1048576K
}
Event: 155.922 GC heap before
{Heap before GC invocations=98 (full 1):
 PSYoungGen      total 12288K, used 11264K [0x00000007aab00000, 0x00000007ab900000, 0x00000007c0000000)
  eden space 10240K, 100% used [0x00000007aab00000,0x00000007ab500000,0x00000007ab500000)
  from space 2048K, 50% used [0x00000007ab700000,0x00000007ab800000,0x00000007ab900000)
  to   space 2048K, 0% used [0x00000007ab500000,0x00000007ab500000,0x00000007ab700000)
 ParOldGen       total 37376K, used 31201K [0x0000000780000000, 0x0000000782480000, 0x00000007aab00000)
  object space 37376K, 83% used [0x0000000780000000,0x0000000781e784a0,0x0000000782480000)
 Metaspace       used 24431K, capacity 24697K, committed 24832K, reserved 1071104K
  class space    used 2446K, capacity 2517K, committed 2560K, reserved 1048576K
Event: 155.924 GC heap after
Heap after GC invocations=98 (full 1):
 PSYoungGen      total 12288K, used 960K [0x00000007aab00000, 0x00000007ab900000, 0x00000007c0000000)
  eden space 10240K, 0% used [0x00000007aab00000,0x00000007aab00000,0x00000007ab500000)
  from space 2048K, 46% used [0x00000007ab500000,0x00000007ab5f0000,0x00000007ab700000)
  to   space 2048K, 0% used [0x00000007ab700000,0x00000007ab700000,0x00000007ab900000)
 ParOldGen       total 37376K, used 31201K [0x0000000780000000, 0x0000000782480000, 0x00000007aab00000)
  object space 37376K, 83% used [0x0000000780000000,0x0000000781e784a0,0x0000000782480000)
 Metaspace       used 24431K, capacity 24697K, committed 24832K, reserved 1071104K
  class space    used 2446K, capacity 2517K, committed 2560K, reserved 1048576K
}
Event: 157.004 GC heap before
{Heap before GC invocations=99 (full 1):
 PSYoungGen      total 12288K, used 11200K [0x00000007aab00000, 0x00000007ab900000, 0x00000007c0000000)
  eden space 10240K, 100% used [0x00000007aab00000,0x00000007ab500000,0x00000007ab500000)
  from space 2048K, 46% used [0x00000007ab500000,0x00000007ab5f0000,0x00000007ab700000)
  to   space 2048K, 0% used [0x00000007ab700000,0x00000007ab700000,0x00000007ab900000)
 ParOldGen       total 37376K, used 31201K [0x0000000780000000, 0x0000000782480000, 0x00000007aab00000)
  object space 37376K, 83% used [0x0000000780000000,0x0000000781e784a0,0x0000000782480000)
 Metaspace       used 24432K, capacity 24697K, committed 24832K, reserved 1071104K
  class space    used 2446K, capacity 2517K, committed 2560K, reserved 1048576K
Event: 157.005 GC heap after
Heap after GC invocations=99 (full 1):
 PSYoungGen      total 12288K, used 960K [0x00000007aab00000, 0x00000007ab900000, 0x00000007c0000000)
  eden space 10240K, 0% used [0x00000007aab00000,0x00000007aab00000,0x00000007ab500000)
  from space 2048K, 46% used [0x00000007ab700000,0x00000007ab7f0000,0x00000007ab900000)
  to   space 2048K, 0% used [0x00000007ab500000,0x00000007ab500000,0x00000007ab700000)
 ParOldGen       total 37376K, used 31201K [0x0000000780000000, 0x0000000782480000, 0x00000007aab00000)
  object space 37376K, 83% used [0x0000000780000000,0x0000000781e784a0,0x0000000782480000)
 Metaspace       used 24432K, capacity 24697K, committed 24832K, reserved 1071104K
  class space    used 2446K, capacity 2517K, committed 2560K, reserved 1048576K
}

