# JRE version: Java(TM) SE Runtime Environment (8.0_73-b02) (build 1.8.0_73-b02)
# Java VM: Java HotSpot(TM) 64-Bit Server VM (25.73-b02 mixed mode bsd-amd64 compressed oops)
Heap:
 PSYoungGen      total 67072K, used 43779K [0x00000007aab00000, 0x00000007b0200000, 0x00000007c0000000)
  eden space 54272K, 57% used [0x00000007aab00000,0x00000007ac948e88,0x00000007ae000000)
  from space 12800K, 99% used [0x00000007af000000,0x00000007afc78150,0x00000007afc80000)
  to   space 16384K, 0% used [0x00000007ae000000,0x00000007ae000000,0x00000007af000000)
 ParOldGen       total 41984K, used 24773K [0x0000000780000000, 0x0000000782900000, 0x00000007aab00000)
  object space 41984K, 59% used [0x0000000780000000,0x0000000781831470,0x0000000782900000)
 Metaspace       used 24817K, capacity 25101K, committed 25344K, reserved 1073152K
  class space    used 2462K, capacity 2559K, committed 2560K, reserved 1048576K
GC Heap History (10 events):
Event: 9.398 GC heap before
{Heap before GC invocations=7 (full 1):
 PSYoungGen      total 18944K, used 16384K [0x00000007aab00000, 0x00000007add00000, 0x00000007c0000000)
  eden space 16384K, 100% used [0x00000007aab00000,0x00000007abb00000,0x00000007abb00000)
  from space 2560K, 0% used [0x00000007abb00000,0x00000007abb00000,0x00000007abd80000)
  to   space 9216K, 0% used [0x00000007ad400000,0x00000007ad400000,0x00000007add00000)
 ParOldGen       total 41984K, used 14067K [0x0000000780000000, 0x0000000782900000, 0x00000007aab00000)
  object space 41984K, 33% used [0x0000000780000000,0x0000000780dbcfc8,0x0000000782900000)
 Metaspace       used 21570K, capacity 21769K, committed 21936K, reserved 1069056K
  class space    used 2151K, capacity 2211K, committed 2304K, reserved 1048576K
Event: 9.402 GC heap after
Heap after GC invocations=7 (full 1):
 PSYoungGen      total 31744K, used 3365K [0x00000007aab00000, 0x00000007ad800000, 0x00000007c0000000)
  eden space 27648K, 0% used [0x00000007aab00000,0x00000007aab00000,0x00000007ac600000)
  from space 4096K, 82% used [0x00000007ad400000,0x00000007ad749780,0x00000007ad800000)
  to   space 9216K, 0% used [0x00000007ac600000,0x00000007ac600000,0x00000007acf00000)
 ParOldGen       total 41984K, used 14075K [0x0000000780000000, 0x0000000782900000, 0x00000007aab00000)
  object space 41984K, 33% used [0x0000000780000000,0x0000000780dbefc8,0x0000000782900000)
 Metaspace       used 21570K, capacity 21769K, committed 21936K, reserved 1069056K
  class space    used 2151K, capacity 2211K, committed 2304K, reserved 1048576K
}
Event: 12.292 GC heap before
{Heap before GC invocations=8 (full 1):
 PSYoungGen      total 31744K, used 31013K [0x00000007aab00000, 0x00000007ad800000, 0x00000007c0000000)
  eden space 27648K, 100% used [0x00000007aab00000,0x00000007ac600000,0x00000007ac600000)
  from space 4096K, 82% used [0x00000007ad400000,0x00000007ad749780,0x00000007ad800000)
  to   space 9216K, 0% used [0x00000007ac600000,0x00000007ac600000,0x00000007acf00000)
 ParOldGen       total 41984K, used 14075K [0x0000000780000000, 0x0000000782900000, 0x00000007aab00000)
  object space 41984K, 33% used [0x0000000780000000,0x0000000780dbefc8,0x0000000782900000)
 Metaspace       used 22037K, capacity 22293K, committed 22448K, reserved 1069056K
  class space    used 2189K, capacity 2277K, committed 2304K, reserved 1048576K
Event: 12.296 GC heap after
Heap after GC invocations=8 (full 1):
 PSYoungGen      total 36864K, used 5184K [0x00000007aab00000, 0x00000007ae780000, 0x00000007c0000000)
  eden space 27648K, 0% used [0x00000007aab00000,0x00000007aab00000,0x00000007ac600000)
  from space 9216K, 56% used [0x00000007ac600000,0x00000007acb10140,0x00000007acf00000)
  to   space 8704K, 0% used [0x00000007adf00000,0x00000007adf00000,0x00000007ae780000)
 ParOldGen       total 41984K, used 14083K [0x0000000780000000, 0x0000000782900000, 0x00000007aab00000)
  object space 41984K, 33% used [0x0000000780000000,0x0000000780dc0fc8,0x0000000782900000)
 Metaspace       used 22037K, capacity 22293K, committed 22448K, reserved 1069056K
  class space    used 2189K, capacity 2277K, committed 2304K, reserved 1048576K
}
Event: 18.476 GC heap before
{Heap before GC invocations=9 (full 1):
 PSYoungGen      total 36864K, used 32832K [0x00000007aab00000, 0x00000007ae780000, 0x00000007c0000000)
  eden space 27648K, 100% used [0x00000007aab00000,0x00000007ac600000,0x00000007ac600000)
  from space 9216K, 56% used [0x00000007ac600000,0x00000007acb10140,0x00000007acf00000)
  to   space 8704K, 0% used [0x00000007adf00000,0x00000007adf00000,0x00000007ae780000)
 ParOldGen       total 41984K, used 14083K [0x0000000780000000, 0x0000000782900000, 0x00000007aab00000)
  object space 41984K, 33% used [0x0000000780000000,0x0000000780dc0fc8,0x0000000782900000)
 Metaspace       used 23933K, capacity 24171K, committed 24320K, reserved 1071104K
  class space    used 2433K, capacity 2516K, committed 2560K, reserved 1048576K
Event: 18.487 GC heap after
Heap after GC invocations=9 (full 1):
 PSYoungGen      total 51200K, used 7504K [0x00000007aab00000, 0x00000007ae700000, 0x00000007c0000000)
  eden space 43008K, 0% used [0x00000007aab00000,0x00000007aab00000,0x00000007ad500000)
  from space 8192K, 91% used [0x00000007adf00000,0x00000007ae654260,0x00000007ae700000)
  to   space 9216K, 0% used [0x00000007ad500000,0x00000007ad500000,0x00000007ade00000)
 ParOldGen       total 41984K, used 14091K [0x0000000780000000, 0x0000000782900000, 0x00000007aab00000)
  object space 41984K, 33% used [0x0000000780000000,0x0000000780dc2fc8,0x0000000782900000)
 Metaspace       used 23933K, capacity 24171K, committed 24320K, reserved 1071104K
  class space    used 2433K, capacity 2516K, committed 2560K, reserved 1048576K
}
Event: 19.724 GC heap before
{Heap before GC invocations=10 (full 1):
 PSYoungGen      total 51200K, used 50464K [0x00000007aab00000, 0x00000007ae700000, 0x00000007c0000000)
  eden space 43008K, 99% used [0x00000007aab00000,0x00000007ad4f4058,0x00000007ad500000)
  from space 8192K, 91% used [0x00000007adf00000,0x00000007ae654260,0x00000007ae700000)
  to   space 9216K, 0% used [0x00000007ad500000,0x00000007ad500000,0x00000007ade00000)
 ParOldGen       total 41984K, used 14091K [0x0000000780000000, 0x0000000782900000, 0x00000007aab00000)
  object space 41984K, 33% used [0x0000000780000000,0x0000000780dc2fc8,0x0000000782900000)
 Metaspace       used 24033K, capacity 24299K, committed 24576K, reserved 1071104K
  class space    used 2433K, capacity 2516K, committed 2560K, reserved 1048576K
Event: 19.735 GC heap after
Heap after GC invocations=10 (full 1):
 PSYoungGen      total 52224K, used 9200K [0x00000007aab00000, 0x00000007afc80000, 0x00000007c0000000)
  eden space 43008K, 0% used [0x00000007aab00000,0x00000007aab00000,0x00000007ad500000)
  from space 9216K, 99% used [0x00000007ad500000,0x00000007addfc1f0,0x00000007ade00000)
  to   space 12800K, 0% used [0x00000007af000000,0x00000007af000000,0x00000007afc80000)
 ParOldGen       total 41984K, used 19548K [0x0000000780000000, 0x0000000782900000, 0x00000007aab00000)
  object space 41984K, 46% used [0x0000000780000000,0x0000000781317088,0x0000000782900000)
 Metaspace       used 24033K, capacity 24299K, committed 24576K, reserved 1071104K
  class space    used 2433K, capacity 2516K, committed 2560K, reserved 1048576K
}
Event: 92.556 GC heap before
{Heap before GC invocations=11 (full 1):
 PSYoungGen      total 52224K, used 52208K [0x00000007aab00000, 0x00000007afc80000, 0x00000007c0000000)
  eden space 43008K, 100% used [0x00000007aab00000,0x00000007ad500000,0x00000007ad500000)
  from space 9216K, 99% used [0x00000007ad500000,0x00000007addfc1f0,0x00000007ade00000)
  to   space 12800K, 0% used [0x00000007af000000,0x00000007af000000,0x00000007afc80000)
 ParOldGen       total 41984K, used 19548K [0x0000000780000000, 0x0000000782900000, 0x00000007aab00000)
  object space 41984K, 46% used [0x0000000780000000,0x0000000781317088,0x0000000782900000)
 Metaspace       used 24679K, capacity 24973K, committed 25088K, reserved 1071104K
  class space    used 2458K, capacity 2559K, committed 2560K, reserved 1048576K
Event: 92.575 GC heap after
Heap after GC invocations=11 (full 1):
 PSYoungGen      total 67072K, used 12768K [0x00000007aab00000, 0x00000007b0200000, 0x00000007c0000000)
  eden space 54272K, 0% used [0x00000007aab00000,0x00000007aab00000,0x00000007ae000000)
  from space 12800K, 99% used [0x00000007af000000,0x00000007afc78150,0x00000007afc80000)
  to   space 16384K, 0% used [0x00000007ae000000,0x00000007ae000000,0x00000007af000000)
 ParOldGen       total 41984K, used 24773K [0x0000000780000000, 0x0000000782900000, 0x00000007aab00000)
  object space 41984K, 59% used [0x0000000780000000,0x0000000781831470,0x0000000782900000)
 Metaspace       used 24679K, capacity 24973K, committed 25088K, reserved 1071104K
  class space    used 2458K, capacity 2559K, committed 2560K, reserved 1048576K
}

