# JRE version: Java(TM) SE Runtime Environment (8.0_73-b02) (build 1.8.0_73-b02)
# Java VM: Java HotSpot(TM) 64-Bit Server VM (25.73-b02 mixed mode bsd-amd64 compressed oops)
Heap:
 PSYoungGen      total 82432K, used 53617K [0x00000007aab00000, 0x00000007b3480000, 0x00000007c0000000)
  eden space 60416K, 66% used [0x00000007aab00000,0x00000007ad232c28,0x00000007ae600000)
  from space 22016K, 61% used [0x00000007ae600000,0x00000007af3298d0,0x00000007afb80000)
  to   space 22016K, 0% used [0x00000007b1f00000,0x00000007b1f00000,0x00000007b3480000)
 ParOldGen       total 44032K, used 30702K [0x0000000780000000, 0x0000000782b00000, 0x00000007aab00000)
  object space 44032K, 69% used [0x0000000780000000,0x0000000781dfb980,0x0000000782b00000)
 Metaspace       used 18949K, capacity 19147K, committed 19456K, reserved 1067008K
  class space    used 1879K, capacity 1982K, committed 2048K, reserved 1048576K
GC Heap History (10 events):
Event: 13.336 GC heap before
{Heap before GC invocations=5 (full 0):
 PSYoungGen      total 18944K, used 18928K [0x00000007aab00000, 0x00000007ad000000, 0x00000007c0000000)
  eden space 16384K, 100% used [0x00000007aab00000,0x00000007abb00000,0x00000007abb00000)
  from space 2560K, 99% used [0x00000007abd80000,0x00000007abffc050,0x00000007ac000000)
  to   space 2560K, 0% used [0x00000007abb00000,0x00000007abb00000,0x00000007abd80000)
 ParOldGen       total 44032K, used 11084K [0x0000000780000000, 0x0000000782b00000, 0x00000007aab00000)
  object space 44032K, 25% used [0x0000000780000000,0x0000000780ad32b8,0x0000000782b00000)
 Metaspace       used 17370K, capacity 17563K, committed 17792K, reserved 1064960K
  class space    used 1753K, capacity 1820K, committed 1920K, reserved 1048576K
Event: 13.349 GC heap after
Heap after GC invocations=5 (full 0):
 PSYoungGen      total 18944K, used 2548K [0x00000007aab00000, 0x00000007ae100000, 0x00000007c0000000)
  eden space 16384K, 0% used [0x00000007aab00000,0x00000007aab00000,0x00000007abb00000)
  from space 2560K, 99% used [0x00000007abb00000,0x00000007abd7d2c8,0x00000007abd80000)
  to   space 11264K, 0% used [0x00000007ad600000,0x00000007ad600000,0x00000007ae100000)
 ParOldGen       total 44032K, used 19185K [0x0000000780000000, 0x0000000782b00000, 0x00000007aab00000)
  object space 44032K, 43% used [0x0000000780000000,0x00000007812bc560,0x0000000782b00000)
 Metaspace       used 17370K, capacity 17563K, committed 17792K, reserved 1064960K
  class space    used 1753K, capacity 1820K, committed 1920K, reserved 1048576K
}
Event: 13.450 GC heap before
{Heap before GC invocations=6 (full 0):
 PSYoungGen      total 18944K, used 18932K [0x00000007aab00000, 0x00000007ae100000, 0x00000007c0000000)
  eden space 16384K, 100% used [0x00000007aab00000,0x00000007abb00000,0x00000007abb00000)
  from space 2560K, 99% used [0x00000007abb00000,0x00000007abd7d2c8,0x00000007abd80000)
  to   space 11264K, 0% used [0x00000007ad600000,0x00000007ad600000,0x00000007ae100000)
 ParOldGen       total 44032K, used 19185K [0x0000000780000000, 0x0000000782b00000, 0x00000007aab00000)
  object space 44032K, 43% used [0x0000000780000000,0x00000007812bc560,0x0000000782b00000)
 Metaspace       used 17377K, capacity 17563K, committed 17792K, reserved 1064960K
  class space    used 1754K, capacity 1820K, committed 1920K, reserved 1048576K
Event: 13.469 GC heap after
Heap after GC invocations=6 (full 0):
 PSYoungGen      total 42496K, used 10255K [0x00000007aab00000, 0x00000007ae400000, 0x00000007c0000000)
  eden space 31232K, 0% used [0x00000007aab00000,0x00000007aab00000,0x00000007ac980000)
  from space 11264K, 91% used [0x00000007ad600000,0x00000007ae003d88,0x00000007ae100000)
  to   space 12800K, 0% used [0x00000007ac980000,0x00000007ac980000,0x00000007ad600000)
 ParOldGen       total 44032K, used 19185K [0x0000000780000000, 0x0000000782b00000, 0x00000007aab00000)
  object space 44032K, 43% used [0x0000000780000000,0x00000007812bc560,0x0000000782b00000)
 Metaspace       used 17377K, capacity 17563K, committed 17792K, reserved 1064960K
  class space    used 1754K, capacity 1820K, committed 1920K, reserved 1048576K
}
Event: 13.553 GC heap before
{Heap before GC invocations=7 (full 0):
 PSYoungGen      total 42496K, used 41487K [0x00000007aab00000, 0x00000007ae400000, 0x00000007c0000000)
  eden space 31232K, 100% used [0x00000007aab00000,0x00000007ac980000,0x00000007ac980000)
  from space 11264K, 91% used [0x00000007ad600000,0x00000007ae003d88,0x00000007ae100000)
  to   space 12800K, 0% used [0x00000007ac980000,0x00000007ac980000,0x00000007ad600000)
 ParOldGen       total 44032K, used 19185K [0x0000000780000000, 0x0000000782b00000, 0x00000007aab00000)
  object space 44032K, 43% used [0x0000000780000000,0x00000007812bc560,0x0000000782b00000)
 Metaspace       used 17377K, capacity 17563K, committed 17792K, reserved 1064960K
  class space    used 1754K, capacity 1820K, committed 1920K, reserved 1048576K
Event: 13.594 GC heap after
Heap after GC invocations=7 (full 0):
 PSYoungGen      total 44032K, used 12770K [0x00000007aab00000, 0x00000007b0f00000, 0x00000007c0000000)
  eden space 31232K, 0% used [0x00000007aab00000,0x00000007aab00000,0x00000007ac980000)
  from space 12800K, 99% used [0x00000007ac980000,0x00000007ad5f8b88,0x00000007ad600000)
  to   space 19968K, 0% used [0x00000007afb80000,0x00000007afb80000,0x00000007b0f00000)
 ParOldGen       total 44032K, used 29158K [0x0000000780000000, 0x0000000782b00000, 0x00000007aab00000)
  object space 44032K, 66% used [0x0000000780000000,0x0000000781c79be8,0x0000000782b00000)
 Metaspace       used 17377K, capacity 17563K, committed 17792K, reserved 1064960K
  class space    used 1754K, capacity 1820K, committed 1920K, reserved 1048576K
}
Event: 14.508 GC heap before
{Heap before GC invocations=8 (full 0):
 PSYoungGen      total 44032K, used 44002K [0x00000007aab00000, 0x00000007b0f00000, 0x00000007c0000000)
  eden space 31232K, 100% used [0x00000007aab00000,0x00000007ac980000,0x00000007ac980000)
  from space 12800K, 99% used [0x00000007ac980000,0x00000007ad5f8b88,0x00000007ad600000)
  to   space 19968K, 0% used [0x00000007afb80000,0x00000007afb80000,0x00000007b0f00000)
 ParOldGen       total 44032K, used 29158K [0x0000000780000000, 0x0000000782b00000, 0x00000007aab00000)
  object space 44032K, 66% used [0x0000000780000000,0x0000000781c79be8,0x0000000782b00000)
 Metaspace       used 17415K, capacity 17627K, committed 17792K, reserved 1064960K
  class space    used 1756K, capacity 1820K, committed 1920K, reserved 1048576K
Event: 14.546 GC heap after
Heap after GC invocations=8 (full 0):
 PSYoungGen      total 80384K, used 17242K [0x00000007aab00000, 0x00000007b1300000, 0x00000007c0000000)
  eden space 60416K, 0% used [0x00000007aab00000,0x00000007aab00000,0x00000007ae600000)
  from space 19968K, 86% used [0x00000007afb80000,0x00000007b0c56a18,0x00000007b0f00000)
  to   space 22016K, 0% used [0x00000007ae600000,0x00000007ae600000,0x00000007afb80000)
 ParOldGen       total 44032K, used 30113K [0x0000000780000000, 0x0000000782b00000, 0x00000007aab00000)
  object space 44032K, 68% used [0x0000000780000000,0x0000000781d68708,0x0000000782b00000)
 Metaspace       used 17415K, capacity 17627K, committed 17792K, reserved 1064960K
  class space    used 1756K, capacity 1820K, committed 1920K, reserved 1048576K
}
Event: 17.066 GC heap before
{Heap before GC invocations=9 (full 0):
 PSYoungGen      total 80384K, used 77658K [0x00000007aab00000, 0x00000007b1300000, 0x00000007c0000000)
  eden space 60416K, 100% used [0x00000007aab00000,0x00000007ae600000,0x00000007ae600000)
  from space 19968K, 86% used [0x00000007afb80000,0x00000007b0c56a18,0x00000007b0f00000)
  to   space 22016K, 0% used [0x00000007ae600000,0x00000007ae600000,0x00000007afb80000)
 ParOldGen       total 44032K, used 30113K [0x0000000780000000, 0x0000000782b00000, 0x00000007aab00000)
  object space 44032K, 68% used [0x0000000780000000,0x0000000781d68708,0x0000000782b00000)
 Metaspace       used 18731K, capacity 18907K, committed 19200K, reserved 1067008K
  class space    used 1870K, capacity 1948K, committed 2048K, reserved 1048576K
Event: 17.080 GC heap after
Heap after GC invocations=9 (full 0):
 PSYoungGen      total 82432K, used 13478K [0x00000007aab00000, 0x00000007b3480000, 0x00000007c0000000)
  eden space 60416K, 0% used [0x00000007aab00000,0x00000007aab00000,0x00000007ae600000)
  from space 22016K, 61% used [0x00000007ae600000,0x00000007af3298d0,0x00000007afb80000)
  to   space 22016K, 0% used [0x00000007b1f00000,0x00000007b1f00000,0x00000007b3480000)
 ParOldGen       total 44032K, used 30702K [0x0000000780000000, 0x0000000782b00000, 0x00000007aab00000)
  object space 44032K, 69% used [0x0000000780000000,0x0000000781dfb980,0x0000000782b00000)
 Metaspace       used 18731K, capacity 18907K, committed 19200K, reserved 1067008K
  class space    used 1870K, capacity 1948K, committed 2048K, reserved 1048576K
}

