# JRE version: Java(TM) SE Runtime Environment (8.0_73-b02) (build 1.8.0_73-b02)
# Java VM: Java HotSpot(TM) 64-Bit Server VM (25.73-b02 mixed mode bsd-amd64 compressed oops)
Heap:
 PSYoungGen      total 48128K, used 40848K [0x00000007aab00000, 0x00000007af300000, 0x00000007c0000000)
  eden space 36352K, 80% used [0x00000007aab00000,0x00000007ac76bf18,0x00000007ace80000)
  from space 11776K, 99% used [0x00000007ace80000,0x00000007ad9f82e0,0x00000007ada00000)
  to   space 13824K, 0% used [0x00000007ae580000,0x00000007ae580000,0x00000007af300000)
 ParOldGen       total 44544K, used 18662K [0x0000000780000000, 0x0000000782b80000, 0x00000007aab00000)
  object space 44544K, 41% used [0x0000000780000000,0x00000007812399a0,0x0000000782b80000)
 Metaspace       used 24299K, capacity 24573K, committed 24832K, reserved 1071104K
  class space    used 2456K, capacity 2559K, committed 2560K, reserved 1048576K
GC Heap History (10 events):
Event: 5.170 GC heap before
{Heap before GC invocations=6 (full 1):
 PSYoungGen      total 18944K, used 2545K [0x00000007aab00000, 0x00000007ade00000, 0x00000007c0000000)
  eden space 16384K, 0% used [0x00000007aab00000,0x00000007aab00000,0x00000007abb00000)
  from space 2560K, 99% used [0x00000007abb00000,0x00000007abd7c488,0x00000007abd80000)
  to   space 9728K, 0% used [0x00000007ad480000,0x00000007ad480000,0x00000007ade00000)
 ParOldGen       total 44032K, used 15675K [0x0000000780000000, 0x0000000782b00000, 0x00000007aab00000)
  object space 44032K, 35% used [0x0000000780000000,0x0000000780f4edb8,0x0000000782b00000)
 Metaspace       used 20933K, capacity 21137K, committed 21296K, reserved 1069056K
  class space    used 2117K, capacity 2175K, committed 2176K, reserved 1048576K
Event: 5.216 GC heap after
Heap after GC invocations=6 (full 1):
 PSYoungGen      total 18944K, used 0K [0x00000007aab00000, 0x00000007ade00000, 0x00000007c0000000)
  eden space 16384K, 0% used [0x00000007aab00000,0x00000007aab00000,0x00000007abb00000)
  from space 2560K, 0% used [0x00000007abb00000,0x00000007abb00000,0x00000007abd80000)
  to   space 9728K, 0% used [0x00000007ad480000,0x00000007ad480000,0x00000007ade00000)
 ParOldGen       total 44544K, used 14359K [0x0000000780000000, 0x0000000782b80000, 0x00000007aab00000)
  object space 44544K, 32% used [0x0000000780000000,0x0000000780e05c48,0x0000000782b80000)
 Metaspace       used 20933K, capacity 21137K, committed 21296K, reserved 1069056K
  class space    used 2117K, capacity 2175K, committed 2176K, reserved 1048576K
}
Event: 6.311 GC heap before
{Heap before GC invocations=7 (full 1):
 PSYoungGen      total 18944K, used 16384K [0x00000007aab00000, 0x00000007ade00000, 0x00000007c0000000)
  eden space 16384K, 100% used [0x00000007aab00000,0x00000007abb00000,0x00000007abb00000)
  from space 2560K, 0% used [0x00000007abb00000,0x00000007abb00000,0x00000007abd80000)
  to   space 9728K, 0% used [0x00000007ad480000,0x00000007ad480000,0x00000007ade00000)
 ParOldGen       total 44544K, used 14359K [0x0000000780000000, 0x0000000782b80000, 0x00000007aab00000)
  object space 44544K, 32% used [0x0000000780000000,0x0000000780e05c48,0x0000000782b80000)
 Metaspace       used 21596K, capacity 21813K, committed 21936K, reserved 1069056K
  class space    used 2156K, capacity 2245K, committed 2304K, reserved 1048576K
Event: 6.313 GC heap after
Heap after GC invocations=7 (full 1):
 PSYoungGen      total 29184K, used 1010K [0x00000007aab00000, 0x00000007ad800000, 0x00000007c0000000)
  eden space 25600K, 0% used [0x00000007aab00000,0x00000007aab00000,0x00000007ac400000)
  from space 3584K, 28% used [0x00000007ad480000,0x00000007ad57c948,0x00000007ad800000)
  to   space 10240K, 0% used [0x00000007ac400000,0x00000007ac400000,0x00000007ace00000)
 ParOldGen       total 44544K, used 14367K [0x0000000780000000, 0x0000000782b80000, 0x00000007aab00000)
  object space 44544K, 32% used [0x0000000780000000,0x0000000780e07c48,0x0000000782b80000)
 Metaspace       used 21596K, capacity 21813K, committed 21936K, reserved 1069056K
  class space    used 2156K, capacity 2245K, committed 2304K, reserved 1048576K
}
Event: 8.354 GC heap before
{Heap before GC invocations=8 (full 1):
 PSYoungGen      total 29184K, used 26610K [0x00000007aab00000, 0x00000007ad800000, 0x00000007c0000000)
  eden space 25600K, 100% used [0x00000007aab00000,0x00000007ac400000,0x00000007ac400000)
  from space 3584K, 28% used [0x00000007ad480000,0x00000007ad57c948,0x00000007ad800000)
  to   space 10240K, 0% used [0x00000007ac400000,0x00000007ac400000,0x00000007ace00000)
 ParOldGen       total 44544K, used 14367K [0x0000000780000000, 0x0000000782b80000, 0x00000007aab00000)
  object space 44544K, 32% used [0x0000000780000000,0x0000000780e07c48,0x0000000782b80000)
 Metaspace       used 21996K, capacity 22229K, committed 22448K, reserved 1069056K
  class space    used 2189K, capacity 2277K, committed 2304K, reserved 1048576K
Event: 8.357 GC heap after
Heap after GC invocations=8 (full 1):
 PSYoungGen      total 35840K, used 5040K [0x00000007aab00000, 0x00000007ae300000, 0x00000007c0000000)
  eden space 25600K, 0% used [0x00000007aab00000,0x00000007aab00000,0x00000007ac400000)
  from space 10240K, 49% used [0x00000007ac400000,0x00000007ac8ec130,0x00000007ace00000)
  to   space 9216K, 0% used [0x00000007ada00000,0x00000007ada00000,0x00000007ae300000)
 ParOldGen       total 44544K, used 14375K [0x0000000780000000, 0x0000000782b80000, 0x00000007aab00000)
  object space 44544K, 32% used [0x0000000780000000,0x0000000780e09c48,0x0000000782b80000)
 Metaspace       used 21996K, capacity 22229K, committed 22448K, reserved 1069056K
  class space    used 2189K, capacity 2277K, committed 2304K, reserved 1048576K
}
Event: 13.687 GC heap before
{Heap before GC invocations=9 (full 1):
 PSYoungGen      total 35840K, used 30640K [0x00000007aab00000, 0x00000007ae300000, 0x00000007c0000000)
  eden space 25600K, 100% used [0x00000007aab00000,0x00000007ac400000,0x00000007ac400000)
  from space 10240K, 49% used [0x00000007ac400000,0x00000007ac8ec130,0x00000007ace00000)
  to   space 9216K, 0% used [0x00000007ada00000,0x00000007ada00000,0x00000007ae300000)
 ParOldGen       total 44544K, used 14375K [0x0000000780000000, 0x0000000782b80000, 0x00000007aab00000)
  object space 44544K, 32% used [0x0000000780000000,0x0000000780e09c48,0x0000000782b80000)
 Metaspace       used 23805K, capacity 24043K, committed 24320K, reserved 1071104K
  class space    used 2434K, capacity 2516K, committed 2560K, reserved 1048576K
Event: 13.696 GC heap after
Heap after GC invocations=9 (full 1):
 PSYoungGen      total 45568K, used 9200K [0x00000007aab00000, 0x00000007ae680000, 0x00000007c0000000)
  eden space 36352K, 0% used [0x00000007aab00000,0x00000007aab00000,0x00000007ace80000)
  from space 9216K, 99% used [0x00000007ada00000,0x00000007ae2fc220,0x00000007ae300000)
  to   space 11776K, 0% used [0x00000007ace80000,0x00000007ace80000,0x00000007ada00000)
 ParOldGen       total 44544K, used 16862K [0x0000000780000000, 0x0000000782b80000, 0x00000007aab00000)
  object space 44544K, 37% used [0x0000000780000000,0x0000000781077930,0x0000000782b80000)
 Metaspace       used 23805K, capacity 24043K, committed 24320K, reserved 1071104K
  class space    used 2434K, capacity 2516K, committed 2560K, reserved 1048576K
}
Event: 14.888 GC heap before
{Heap before GC invocations=10 (full 1):
 PSYoungGen      total 45568K, used 45552K [0x00000007aab00000, 0x00000007ae680000, 0x00000007c0000000)
  eden space 36352K, 100% used [0x00000007aab00000,0x00000007ace80000,0x00000007ace80000)
  from space 9216K, 99% used [0x00000007ada00000,0x00000007ae2fc220,0x00000007ae300000)
  to   space 11776K, 0% used [0x00000007ace80000,0x00000007ace80000,0x00000007ada00000)
 ParOldGen       total 44544K, used 16862K [0x0000000780000000, 0x0000000782b80000, 0x00000007aab00000)
  object space 44544K, 37% used [0x0000000780000000,0x0000000781077930,0x0000000782b80000)
 Metaspace       used 23892K, capacity 24107K, committed 24320K, reserved 1071104K
  class space    used 2434K, capacity 2516K, committed 2560K, reserved 1048576K
Event: 14.896 GC heap after
Heap after GC invocations=10 (full 1):
 PSYoungGen      total 48128K, used 11744K [0x00000007aab00000, 0x00000007af300000, 0x00000007c0000000)
  eden space 36352K, 0% used [0x00000007aab00000,0x00000007aab00000,0x00000007ace80000)
  from space 11776K, 99% used [0x00000007ace80000,0x00000007ad9f82e0,0x00000007ada00000)
  to   space 13824K, 0% used [0x00000007ae580000,0x00000007ae580000,0x00000007af300000)
 ParOldGen       total 44544K, used 18662K [0x0000000780000000, 0x0000000782b80000, 0x00000007aab00000)
  object space 44544K, 41% used [0x0000000780000000,0x00000007812399a0,0x0000000782b80000)
 Metaspace       used 23892K, capacity 24107K, committed 24320K, reserved 1071104K
  class space    used 2434K, capacity 2516K, committed 2560K, reserved 1048576K
}

