# JRE version: Java(TM) SE Runtime Environment (8.0_73-b02) (build 1.8.0_73-b02)
# Java VM: Java HotSpot(TM) 64-Bit Server VM (25.73-b02 mixed mode bsd-amd64 compressed oops)
Heap:
 PSYoungGen      total 65536K, used 31889K [0x00000007aab00000, 0x00000007afc00000, 0x00000007c0000000)
  eden space 51200K, 41% used [0x00000007aab00000,0x00000007abfc82d8,0x00000007add00000)
  from space 14336K, 73% used [0x00000007aee00000,0x00000007af85c220,0x00000007afc00000)
  to   space 15872K, 0% used [0x00000007add00000,0x00000007add00000,0x00000007aec80000)
 ParOldGen       total 44032K, used 17509K [0x0000000780000000, 0x0000000782b00000, 0x00000007aab00000)
  object space 44032K, 39% used [0x0000000780000000,0x0000000781119520,0x0000000782b00000)
 Metaspace       used 24112K, capacity 24331K, committed 24576K, reserved 1071104K
  class space    used 2427K, capacity 2484K, committed 2560K, reserved 1048576K
GC Heap History (10 events):
Event: 73.440 GC heap before
{Heap before GC invocations=17 (full 1):
 PSYoungGen      total 70656K, used 70464K [0x00000007aab00000, 0x00000007b0480000, 0x00000007c0000000)
  eden space 59904K, 100% used [0x00000007aab00000,0x00000007ae580000,0x00000007ae580000)
  from space 10752K, 98% used [0x00000007ae780000,0x00000007af1d0230,0x00000007af200000)
  to   space 15872K, 0% used [0x00000007af500000,0x00000007af500000,0x00000007b0480000)
 ParOldGen       total 44032K, used 17501K [0x0000000780000000, 0x0000000782b00000, 0x00000007aab00000)
  object space 44032K, 39% used [0x0000000780000000,0x0000000781117520,0x0000000782b00000)
 Metaspace       used 24082K, capacity 24267K, committed 24576K, reserved 1071104K
  class space    used 2423K, capacity 2484K, committed 2560K, reserved 1048576K
Event: 73.443 GC heap after
Heap after GC invocations=17 (full 1):
 PSYoungGen      total 71680K, used 10592K [0x00000007aab00000, 0x00000007b0280000, 0x00000007c0000000)
  eden space 57856K, 0% used [0x00000007aab00000,0x00000007aab00000,0x00000007ae380000)
  from space 13824K, 76% used [0x00000007af500000,0x00000007aff58210,0x00000007b0280000)
  to   space 15872K, 0% used [0x00000007ae380000,0x00000007ae380000,0x00000007af300000)
 ParOldGen       total 44032K, used 17501K [0x0000000780000000, 0x0000000782b00000, 0x00000007aab00000)
  object space 44032K, 39% used [0x0000000780000000,0x0000000781117520,0x0000000782b00000)
 Metaspace       used 24082K, capacity 24267K, committed 24576K, reserved 1071104K
  class space    used 2423K, capacity 2484K, committed 2560K, reserved 1048576K
}
Event: 81.786 GC heap before
{Heap before GC invocations=18 (full 1):
 PSYoungGen      total 71680K, used 68448K [0x00000007aab00000, 0x00000007b0280000, 0x00000007c0000000)
  eden space 57856K, 100% used [0x00000007aab00000,0x00000007ae380000,0x00000007ae380000)
  from space 13824K, 76% used [0x00000007af500000,0x00000007aff58210,0x00000007b0280000)
  to   space 15872K, 0% used [0x00000007ae380000,0x00000007ae380000,0x00000007af300000)
 ParOldGen       total 44032K, used 17501K [0x0000000780000000, 0x0000000782b00000, 0x00000007aab00000)
  object space 44032K, 39% used [0x0000000780000000,0x0000000781117520,0x0000000782b00000)
 Metaspace       used 24082K, capacity 24267K, committed 24576K, reserved 1071104K
  class space    used 2423K, capacity 2484K, committed 2560K, reserved 1048576K
Event: 81.790 GC heap after
Heap after GC invocations=18 (full 1):
 PSYoungGen      total 66560K, used 10576K [0x00000007aab00000, 0x00000007b0080000, 0x00000007c0000000)
  eden space 55808K, 0% used [0x00000007aab00000,0x00000007aab00000,0x00000007ae180000)
  from space 10752K, 98% used [0x00000007ae380000,0x00000007aedd4220,0x00000007aee00000)
  to   space 15872K, 0% used [0x00000007af100000,0x00000007af100000,0x00000007b0080000)
 ParOldGen       total 44032K, used 17509K [0x0000000780000000, 0x0000000782b00000, 0x00000007aab00000)
  object space 44032K, 39% used [0x0000000780000000,0x0000000781119520,0x0000000782b00000)
 Metaspace       used 24082K, capacity 24267K, committed 24576K, reserved 1071104K
  class space    used 2423K, capacity 2484K, committed 2560K, reserved 1048576K
}
Event: 89.834 GC heap before
{Heap before GC invocations=19 (full 1):
 PSYoungGen      total 66560K, used 66384K [0x00000007aab00000, 0x00000007b0080000, 0x00000007c0000000)
  eden space 55808K, 100% used [0x00000007aab00000,0x00000007ae180000,0x00000007ae180000)
  from space 10752K, 98% used [0x00000007ae380000,0x00000007aedd4220,0x00000007aee00000)
  to   space 15872K, 0% used [0x00000007af100000,0x00000007af100000,0x00000007b0080000)
 ParOldGen       total 44032K, used 17509K [0x0000000780000000, 0x0000000782b00000, 0x00000007aab00000)
  object space 44032K, 39% used [0x0000000780000000,0x0000000781119520,0x0000000782b00000)
 Metaspace       used 24082K, capacity 24267K, committed 24576K, reserved 1071104K
  class space    used 2423K, capacity 2484K, committed 2560K, reserved 1048576K
Event: 89.838 GC heap after
Heap after GC invocations=19 (full 1):
 PSYoungGen      total 68608K, used 10576K [0x00000007aab00000, 0x00000007aff00000, 0x00000007c0000000)
  eden space 54272K, 0% used [0x00000007aab00000,0x00000007aab00000,0x00000007ae000000)
  from space 14336K, 73% used [0x00000007af100000,0x00000007afb54240,0x00000007aff00000)
  to   space 15872K, 0% used [0x00000007ae000000,0x00000007ae000000,0x00000007aef80000)
 ParOldGen       total 44032K, used 17509K [0x0000000780000000, 0x0000000782b00000, 0x00000007aab00000)
  object space 44032K, 39% used [0x0000000780000000,0x0000000781119520,0x0000000782b00000)
 Metaspace       used 24082K, capacity 24267K, committed 24576K, reserved 1071104K
  class space    used 2423K, capacity 2484K, committed 2560K, reserved 1048576K
}
Event: 97.689 GC heap before
{Heap before GC invocations=20 (full 1):
 PSYoungGen      total 68608K, used 64848K [0x00000007aab00000, 0x00000007aff00000, 0x00000007c0000000)
  eden space 54272K, 100% used [0x00000007aab00000,0x00000007ae000000,0x00000007ae000000)
  from space 14336K, 73% used [0x00000007af100000,0x00000007afb54240,0x00000007aff00000)
  to   space 15872K, 0% used [0x00000007ae000000,0x00000007ae000000,0x00000007aef80000)
 ParOldGen       total 44032K, used 17509K [0x0000000780000000, 0x0000000782b00000, 0x00000007aab00000)
  object space 44032K, 39% used [0x0000000780000000,0x0000000781119520,0x0000000782b00000)
 Metaspace       used 24082K, capacity 24267K, committed 24576K, reserved 1071104K
  class space    used 2423K, capacity 2484K, committed 2560K, reserved 1048576K
Event: 97.693 GC heap after
Heap after GC invocations=20 (full 1):
 PSYoungGen      total 63488K, used 10592K [0x00000007aab00000, 0x00000007afd80000, 0x00000007c0000000)
  eden space 52736K, 0% used [0x00000007aab00000,0x00000007aab00000,0x00000007ade80000)
  from space 10752K, 98% used [0x00000007ae000000,0x00000007aea58210,0x00000007aea80000)
  to   space 15872K, 0% used [0x00000007aee00000,0x00000007aee00000,0x00000007afd80000)
 ParOldGen       total 44032K, used 17509K [0x0000000780000000, 0x0000000782b00000, 0x00000007aab00000)
  object space 44032K, 39% used [0x0000000780000000,0x0000000781119520,0x0000000782b00000)
 Metaspace       used 24082K, capacity 24267K, committed 24576K, reserved 1071104K
  class space    used 2423K, capacity 2484K, committed 2560K, reserved 1048576K
}
Event: 105.165 GC heap before
{Heap before GC invocations=21 (full 1):
 PSYoungGen      total 63488K, used 63328K [0x00000007aab00000, 0x00000007afd80000, 0x00000007c0000000)
  eden space 52736K, 100% used [0x00000007aab00000,0x00000007ade80000,0x00000007ade80000)
  from space 10752K, 98% used [0x00000007ae000000,0x00000007aea58210,0x00000007aea80000)
  to   space 15872K, 0% used [0x00000007aee00000,0x00000007aee00000,0x00000007afd80000)
 ParOldGen       total 44032K, used 17509K [0x0000000780000000, 0x0000000782b00000, 0x00000007aab00000)
  object space 44032K, 39% used [0x0000000780000000,0x0000000781119520,0x0000000782b00000)
 Metaspace       used 24082K, capacity 24267K, committed 24576K, reserved 1071104K
  class space    used 2423K, capacity 2484K, committed 2560K, reserved 1048576K
Event: 105.169 GC heap after
Heap after GC invocations=21 (full 1):
 PSYoungGen      total 65536K, used 10608K [0x00000007aab00000, 0x00000007afc00000, 0x00000007c0000000)
  eden space 51200K, 0% used [0x00000007aab00000,0x00000007aab00000,0x00000007add00000)
  from space 14336K, 73% used [0x00000007aee00000,0x00000007af85c220,0x00000007afc00000)
  to   space 15872K, 0% used [0x00000007add00000,0x00000007add00000,0x00000007aec80000)
 ParOldGen       total 44032K, used 17509K [0x0000000780000000, 0x0000000782b00000, 0x00000007aab00000)
  object space 44032K, 39% used [0x0000000780000000,0x0000000781119520,0x0000000782b00000)
 Metaspace       used 24082K, capacity 24267K, committed 24576K, reserved 1071104K
  class space    used 2423K, capacity 2484K, committed 2560K, reserved 1048576K
}

