# JRE version: Java(TM) SE Runtime Environment (8.0_73-b02) (build 1.8.0_73-b02)
# Java VM: Java HotSpot(TM) 64-Bit Server VM (25.73-b02 mixed mode bsd-amd64 compressed oops)
Heap:
 PSYoungGen      total 54272K, used 14730K [0x00000007aab00000, 0x00000007af800000, 0x00000007c0000000)
  eden space 45056K, 14% used [0x00000007aab00000,0x00000007ab182958,0x00000007ad700000)
  from space 9216K, 87% used [0x00000007ad700000,0x00000007adee0190,0x00000007ae000000)
  to   space 9728K, 0% used [0x00000007aee80000,0x00000007aee80000,0x00000007af800000)
 ParOldGen       total 41984K, used 16678K [0x0000000780000000, 0x0000000782900000, 0x00000007aab00000)
  object space 41984K, 39% used [0x0000000780000000,0x0000000781049ab0,0x0000000782900000)
 Metaspace       used 24424K, capacity 24627K, committed 24832K, reserved 1071104K
  class space    used 2438K, capacity 2516K, committed 2560K, reserved 1048576K
GC Heap History (10 events):
Event: 6.700 GC heap before
{Heap before GC invocations=6 (full 1):
 PSYoungGen      total 18944K, used 2545K [0x00000007aab00000, 0x00000007ade00000, 0x00000007c0000000)
  eden space 16384K, 0% used [0x00000007aab00000,0x00000007aab00000,0x00000007abb00000)
  from space 2560K, 99% used [0x00000007abb00000,0x00000007abd7c4d8,0x00000007abd80000)
  to   space 9728K, 0% used [0x00000007ad480000,0x00000007ad480000,0x00000007ade00000)
 ParOldGen       total 44032K, used 16842K [0x0000000780000000, 0x0000000782b00000, 0x00000007aab00000)
  object space 44032K, 38% used [0x0000000780000000,0x0000000781072b28,0x0000000782b00000)
 Metaspace       used 20968K, capacity 21197K, committed 21296K, reserved 1069056K
  class space    used 2118K, capacity 2175K, committed 2176K, reserved 1048576K
Event: 6.745 GC heap after
Heap after GC invocations=6 (full 1):
 PSYoungGen      total 18944K, used 0K [0x00000007aab00000, 0x00000007ade00000, 0x00000007c0000000)
  eden space 16384K, 0% used [0x00000007aab00000,0x00000007aab00000,0x00000007abb00000)
  from space 2560K, 0% used [0x00000007abb00000,0x00000007abb00000,0x00000007abd80000)
  to   space 9728K, 0% used [0x00000007ad480000,0x00000007ad480000,0x00000007ade00000)
 ParOldGen       total 41984K, used 13669K [0x0000000780000000, 0x0000000782900000, 0x00000007aab00000)
  object space 41984K, 32% used [0x0000000780000000,0x0000000780d59650,0x0000000782900000)
 Metaspace       used 20968K, capacity 21197K, committed 21296K, reserved 1069056K
  class space    used 2118K, capacity 2175K, committed 2176K, reserved 1048576K
}
Event: 7.342 GC heap before
{Heap before GC invocations=7 (full 1):
 PSYoungGen      total 18944K, used 16299K [0x00000007aab00000, 0x00000007ade00000, 0x00000007c0000000)
  eden space 16384K, 99% used [0x00000007aab00000,0x00000007abaead50,0x00000007abb00000)
  from space 2560K, 0% used [0x00000007abb00000,0x00000007abb00000,0x00000007abd80000)
  to   space 9728K, 0% used [0x00000007ad480000,0x00000007ad480000,0x00000007ade00000)
 ParOldGen       total 41984K, used 13669K [0x0000000780000000, 0x0000000782900000, 0x00000007aab00000)
  object space 41984K, 32% used [0x0000000780000000,0x0000000780d59650,0x0000000782900000)
 Metaspace       used 21420K, capacity 21635K, committed 21936K, reserved 1069056K
  class space    used 2142K, capacity 2210K, committed 2304K, reserved 1048576K
Event: 7.347 GC heap after
Heap after GC invocations=7 (full 1):
 PSYoungGen      total 33280K, used 4176K [0x00000007aab00000, 0x00000007ad980000, 0x00000007c0000000)
  eden space 28160K, 0% used [0x00000007aab00000,0x00000007aab00000,0x00000007ac680000)
  from space 5120K, 81% used [0x00000007ad480000,0x00000007ad894130,0x00000007ad980000)
  to   space 9728K, 0% used [0x00000007ac680000,0x00000007ac680000,0x00000007ad000000)
 ParOldGen       total 41984K, used 13677K [0x0000000780000000, 0x0000000782900000, 0x00000007aab00000)
  object space 41984K, 32% used [0x0000000780000000,0x0000000780d5b650,0x0000000782900000)
 Metaspace       used 21420K, capacity 21635K, committed 21936K, reserved 1069056K
  class space    used 2142K, capacity 2210K, committed 2304K, reserved 1048576K
}
Event: 11.042 GC heap before
{Heap before GC invocations=8 (full 1):
 PSYoungGen      total 33280K, used 32336K [0x00000007aab00000, 0x00000007ad980000, 0x00000007c0000000)
  eden space 28160K, 100% used [0x00000007aab00000,0x00000007ac680000,0x00000007ac680000)
  from space 5120K, 81% used [0x00000007ad480000,0x00000007ad894130,0x00000007ad980000)
  to   space 9728K, 0% used [0x00000007ac680000,0x00000007ac680000,0x00000007ad000000)
 ParOldGen       total 41984K, used 13677K [0x0000000780000000, 0x0000000782900000, 0x00000007aab00000)
  object space 41984K, 32% used [0x0000000780000000,0x0000000780d5b650,0x0000000782900000)
 Metaspace       used 21779K, capacity 21961K, committed 22192K, reserved 1069056K
  class space    used 2143K, capacity 2211K, committed 2304K, reserved 1048576K
Event: 11.045 GC heap after
Heap after GC invocations=8 (full 1):
 PSYoungGen      total 37888K, used 4672K [0x00000007aab00000, 0x00000007aea80000, 0x00000007c0000000)
  eden space 28160K, 0% used [0x00000007aab00000,0x00000007aab00000,0x00000007ac680000)
  from space 9728K, 48% used [0x00000007ac680000,0x00000007acb10140,0x00000007ad000000)
  to   space 9216K, 0% used [0x00000007ae180000,0x00000007ae180000,0x00000007aea80000)
 ParOldGen       total 41984K, used 13685K [0x0000000780000000, 0x0000000782900000, 0x00000007aab00000)
  object space 41984K, 32% used [0x0000000780000000,0x0000000780d5d650,0x0000000782900000)
 Metaspace       used 21779K, capacity 21961K, committed 22192K, reserved 1069056K
  class space    used 2143K, capacity 2211K, committed 2304K, reserved 1048576K
}
Event: 14.299 GC heap before
{Heap before GC invocations=9 (full 1):
 PSYoungGen      total 37888K, used 32832K [0x00000007aab00000, 0x00000007aea80000, 0x00000007c0000000)
  eden space 28160K, 100% used [0x00000007aab00000,0x00000007ac680000,0x00000007ac680000)
  from space 9728K, 48% used [0x00000007ac680000,0x00000007acb10140,0x00000007ad000000)
  to   space 9216K, 0% used [0x00000007ae180000,0x00000007ae180000,0x00000007aea80000)
 ParOldGen       total 41984K, used 13685K [0x0000000780000000, 0x0000000782900000, 0x00000007aab00000)
  object space 41984K, 32% used [0x0000000780000000,0x0000000780d5d650,0x0000000782900000)
 Metaspace       used 22318K, capacity 22549K, committed 22704K, reserved 1069056K
  class space    used 2189K, capacity 2277K, committed 2304K, reserved 1048576K
Event: 14.303 GC heap after
Heap after GC invocations=9 (full 1):
 PSYoungGen      total 52736K, used 5010K [0x00000007aab00000, 0x00000007ae900000, 0x00000007c0000000)
  eden space 45056K, 0% used [0x00000007aab00000,0x00000007aab00000,0x00000007ad700000)
  from space 7680K, 65% used [0x00000007ae180000,0x00000007ae664a48,0x00000007ae900000)
  to   space 9216K, 0% used [0x00000007ad700000,0x00000007ad700000,0x00000007ae000000)
 ParOldGen       total 41984K, used 13693K [0x0000000780000000, 0x0000000782900000, 0x00000007aab00000)
  object space 41984K, 32% used [0x0000000780000000,0x0000000780d5f650,0x0000000782900000)
 Metaspace       used 22318K, capacity 22549K, committed 22704K, reserved 1069056K
  class space    used 2189K, capacity 2277K, committed 2304K, reserved 1048576K
}
Event: 105.798 GC heap before
{Heap before GC invocations=10 (full 1):
 PSYoungGen      total 52736K, used 50066K [0x00000007aab00000, 0x00000007ae900000, 0x00000007c0000000)
  eden space 45056K, 100% used [0x00000007aab00000,0x00000007ad700000,0x00000007ad700000)
  from space 7680K, 65% used [0x00000007ae180000,0x00000007ae664a48,0x00000007ae900000)
  to   space 9216K, 0% used [0x00000007ad700000,0x00000007ad700000,0x00000007ae000000)
 ParOldGen       total 41984K, used 13693K [0x0000000780000000, 0x0000000782900000, 0x00000007aab00000)
  object space 41984K, 32% used [0x0000000780000000,0x0000000780d5f650,0x0000000782900000)
 Metaspace       used 24370K, capacity 24627K, committed 24832K, reserved 1071104K
  class space    used 2434K, capacity 2516K, committed 2560K, reserved 1048576K
Event: 105.805 GC heap after
Heap after GC invocations=10 (full 1):
 PSYoungGen      total 54272K, used 8064K [0x00000007aab00000, 0x00000007af800000, 0x00000007c0000000)
  eden space 45056K, 0% used [0x00000007aab00000,0x00000007aab00000,0x00000007ad700000)
  from space 9216K, 87% used [0x00000007ad700000,0x00000007adee0190,0x00000007ae000000)
  to   space 9728K, 0% used [0x00000007aee80000,0x00000007aee80000,0x00000007af800000)
 ParOldGen       total 41984K, used 16678K [0x0000000780000000, 0x0000000782900000, 0x00000007aab00000)
  object space 41984K, 39% used [0x0000000780000000,0x0000000781049ab0,0x0000000782900000)
 Metaspace       used 24370K, capacity 24627K, committed 24832K, reserved 1071104K
  class space    used 2434K, capacity 2516K, committed 2560K, reserved 1048576K
}

