# JRE version: Java(TM) SE Runtime Environment (8.0_73-b02) (build 1.8.0_73-b02)
# Java VM: Java HotSpot(TM) 64-Bit Server VM (25.73-b02 mixed mode bsd-amd64 compressed oops)
Heap:
 PSYoungGen      total 19968K, used 4490K [0x00000007aab00000, 0x00000007ac800000, 0x00000007c0000000)
  eden space 19456K, 22% used [0x00000007aab00000,0x00000007aaf4a890,0x00000007abe00000)
  from space 512K, 18% used [0x00000007abe00000,0x00000007abe18000,0x00000007abe80000)
  to   space 5120K, 0% used [0x00000007ac300000,0x00000007ac300000,0x00000007ac800000)
 ParOldGen       total 59392K, used 33817K [0x0000000780000000, 0x0000000783a00000, 0x00000007aab00000)
  object space 59392K, 56% used [0x0000000780000000,0x0000000782106428,0x0000000783a00000)
 Metaspace       used 24947K, capacity 25235K, committed 25344K, reserved 1073152K
  class space    used 2470K, capacity 2560K, committed 2560K, reserved 1048576K
GC Heap History (10 events):
Event: 192.393 GC heap before
{Heap before GC invocations=53 (full 2):
 PSYoungGen      total 26112K, used 19552K [0x00000007aab00000, 0x00000007acc00000, 0x00000007c0000000)
  eden space 19456K, 100% used [0x00000007aab00000,0x00000007abe00000,0x00000007abe00000)
  from space 6656K, 1% used [0x00000007ac580000,0x00000007ac598000,0x00000007acc00000)
  to   space 7168K, 0% used [0x00000007abe00000,0x00000007abe00000,0x00000007ac500000)
 ParOldGen       total 59392K, used 33761K [0x0000000780000000, 0x0000000783a00000, 0x00000007aab00000)
  object space 59392K, 56% used [0x0000000780000000,0x00000007820f8428,0x0000000783a00000)
 Metaspace       used 24932K, capacity 25235K, committed 25344K, reserved 1073152K
  class space    used 2466K, capacity 2560K, committed 2560K, reserved 1048576K
Event: 192.395 GC heap after
Heap after GC invocations=53 (full 2):
 PSYoungGen      total 19968K, used 128K [0x00000007aab00000, 0x00000007acb00000, 0x00000007c0000000)
  eden space 19456K, 0% used [0x00000007aab00000,0x00000007aab00000,0x00000007abe00000)
  from space 512K, 25% used [0x00000007abe00000,0x00000007abe20000,0x00000007abe80000)
  to   space 6656K, 0% used [0x00000007ac480000,0x00000007ac480000,0x00000007acb00000)
 ParOldGen       total 59392K, used 33801K [0x0000000780000000, 0x0000000783a00000, 0x00000007aab00000)
  object space 59392K, 56% used [0x0000000780000000,0x0000000782102428,0x0000000783a00000)
 Metaspace       used 24932K, capacity 25235K, committed 25344K, reserved 1073152K
  class space    used 2466K, capacity 2560K, committed 2560K, reserved 1048576K
}
Event: 196.149 GC heap before
{Heap before GC invocations=54 (full 2):
 PSYoungGen      total 19968K, used 19584K [0x00000007aab00000, 0x00000007acb00000, 0x00000007c0000000)
  eden space 19456K, 100% used [0x00000007aab00000,0x00000007abe00000,0x00000007abe00000)
  from space 512K, 25% used [0x00000007abe00000,0x00000007abe20000,0x00000007abe80000)
  to   space 6656K, 0% used [0x00000007ac480000,0x00000007ac480000,0x00000007acb00000)
 ParOldGen       total 59392K, used 33801K [0x0000000780000000, 0x0000000783a00000, 0x00000007aab00000)
  object space 59392K, 56% used [0x0000000780000000,0x0000000782102428,0x0000000783a00000)
 Metaspace       used 24932K, capacity 25235K, committed 25344K, reserved 1073152K
  class space    used 2466K, capacity 2560K, committed 2560K, reserved 1048576K
Event: 196.150 GC heap after
Heap after GC invocations=54 (full 2):
 PSYoungGen      total 26112K, used 96K [0x00000007aab00000, 0x00000007acb00000, 0x00000007c0000000)
  eden space 19456K, 0% used [0x00000007aab00000,0x00000007aab00000,0x00000007abe00000)
  from space 6656K, 1% used [0x00000007ac480000,0x00000007ac498000,0x00000007acb00000)
  to   space 6656K, 0% used [0x00000007abe00000,0x00000007abe00000,0x00000007ac480000)
 ParOldGen       total 59392K, used 33817K [0x0000000780000000, 0x0000000783a00000, 0x00000007aab00000)
  object space 59392K, 56% used [0x0000000780000000,0x0000000782106428,0x0000000783a00000)
 Metaspace       used 24932K, capacity 25235K, committed 25344K, reserved 1073152K
  class space    used 2466K, capacity 2560K, committed 2560K, reserved 1048576K
}
Event: 199.907 GC heap before
{Heap before GC invocations=55 (full 2):
 PSYoungGen      total 26112K, used 19552K [0x00000007aab00000, 0x00000007acb00000, 0x00000007c0000000)
  eden space 19456K, 100% used [0x00000007aab00000,0x00000007abe00000,0x00000007abe00000)
  from space 6656K, 1% used [0x00000007ac480000,0x00000007ac498000,0x00000007acb00000)
  to   space 6656K, 0% used [0x00000007abe00000,0x00000007abe00000,0x00000007ac480000)
 ParOldGen       total 59392K, used 33817K [0x0000000780000000, 0x0000000783a00000, 0x00000007aab00000)
  object space 59392K, 56% used [0x0000000780000000,0x0000000782106428,0x0000000783a00000)
 Metaspace       used 24932K, capacity 25235K, committed 25344K, reserved 1073152K
  class space    used 2466K, capacity 2560K, committed 2560K, reserved 1048576K
Event: 199.908 GC heap after
Heap after GC invocations=55 (full 2):
 PSYoungGen      total 19968K, used 96K [0x00000007aab00000, 0x00000007aca00000, 0x00000007c0000000)
  eden space 19456K, 0% used [0x00000007aab00000,0x00000007aab00000,0x00000007abe00000)
  from space 512K, 18% used [0x00000007abe00000,0x00000007abe18000,0x00000007abe80000)
  to   space 6144K, 0% used [0x00000007ac400000,0x00000007ac400000,0x00000007aca00000)
 ParOldGen       total 59392K, used 33817K [0x0000000780000000, 0x0000000783a00000, 0x00000007aab00000)
  object space 59392K, 56% used [0x0000000780000000,0x0000000782106428,0x0000000783a00000)
 Metaspace       used 24932K, capacity 25235K, committed 25344K, reserved 1073152K
  class space    used 2466K, capacity 2560K, committed 2560K, reserved 1048576K
}
Event: 203.650 GC heap before
{Heap before GC invocations=56 (full 2):
 PSYoungGen      total 19968K, used 19552K [0x00000007aab00000, 0x00000007aca00000, 0x00000007c0000000)
  eden space 19456K, 100% used [0x00000007aab00000,0x00000007abe00000,0x00000007abe00000)
  from space 512K, 18% used [0x00000007abe00000,0x00000007abe18000,0x00000007abe80000)
  to   space 6144K, 0% used [0x00000007ac400000,0x00000007ac400000,0x00000007aca00000)
 ParOldGen       total 59392K, used 33817K [0x0000000780000000, 0x0000000783a00000, 0x00000007aab00000)
  object space 59392K, 56% used [0x0000000780000000,0x0000000782106428,0x0000000783a00000)
 Metaspace       used 24932K, capacity 25235K, committed 25344K, reserved 1073152K
  class space    used 2466K, capacity 2560K, committed 2560K, reserved 1048576K
Event: 203.651 GC heap after
Heap after GC invocations=56 (full 2):
 PSYoungGen      total 24576K, used 96K [0x00000007aab00000, 0x00000007ac900000, 0x00000007c0000000)
  eden space 19456K, 0% used [0x00000007aab00000,0x00000007aab00000,0x00000007abe00000)
  from space 5120K, 1% used [0x00000007ac400000,0x00000007ac418000,0x00000007ac900000)
  to   space 5632K, 0% used [0x00000007abe00000,0x00000007abe00000,0x00000007ac380000)
 ParOldGen       total 59392K, used 33817K [0x0000000780000000, 0x0000000783a00000, 0x00000007aab00000)
  object space 59392K, 56% used [0x0000000780000000,0x0000000782106428,0x0000000783a00000)
 Metaspace       used 24932K, capacity 25235K, committed 25344K, reserved 1073152K
  class space    used 2466K, capacity 2560K, committed 2560K, reserved 1048576K
}
Event: 207.073 GC heap before
{Heap before GC invocations=57 (full 2):
 PSYoungGen      total 24576K, used 19552K [0x00000007aab00000, 0x00000007ac900000, 0x00000007c0000000)
  eden space 19456K, 100% used [0x00000007aab00000,0x00000007abe00000,0x00000007abe00000)
  from space 5120K, 1% used [0x00000007ac400000,0x00000007ac418000,0x00000007ac900000)
  to   space 5632K, 0% used [0x00000007abe00000,0x00000007abe00000,0x00000007ac380000)
 ParOldGen       total 59392K, used 33817K [0x0000000780000000, 0x0000000783a00000, 0x00000007aab00000)
  object space 59392K, 56% used [0x0000000780000000,0x0000000782106428,0x0000000783a00000)
 Metaspace       used 24932K, capacity 25235K, committed 25344K, reserved 1073152K
  class space    used 2466K, capacity 2560K, committed 2560K, reserved 1048576K
Event: 207.075 GC heap after
Heap after GC invocations=57 (full 2):
 PSYoungGen      total 19968K, used 96K [0x00000007aab00000, 0x00000007ac800000, 0x00000007c0000000)
  eden space 19456K, 0% used [0x00000007aab00000,0x00000007aab00000,0x00000007abe00000)
  from space 512K, 18% used [0x00000007abe00000,0x00000007abe18000,0x00000007abe80000)
  to   space 5120K, 0% used [0x00000007ac300000,0x00000007ac300000,0x00000007ac800000)
 ParOldGen       total 59392K, used 33817K [0x0000000780000000, 0x0000000783a00000, 0x00000007aab00000)
  object space 59392K, 56% used [0x0000000780000000,0x0000000782106428,0x0000000783a00000)
 Metaspace       used 24932K, capacity 25235K, committed 25344K, reserved 1073152K
  class space    used 2466K, capacity 2560K, committed 2560K, reserved 1048576K
}

