# JRE version: Java(TM) SE Runtime Environment (8.0_73-b02) (build 1.8.0_73-b02)
# Java VM: Java HotSpot(TM) 64-Bit Server VM (25.73-b02 mixed mode bsd-amd64 compressed oops)
Heap:
 PSYoungGen      total 19968K, used 15055K [0x00000007aab00000, 0x00000007ac980000, 0x00000007c0000000)
  eden space 15872K, 69% used [0x00000007aab00000,0x00000007ab5bbdd0,0x00000007aba80000)
  from space 4096K, 99% used [0x00000007aba80000,0x00000007abe78000,0x00000007abe80000)
  to   space 7680K, 0% used [0x00000007ac200000,0x00000007ac200000,0x00000007ac980000)
 ParOldGen       total 40960K, used 23928K [0x0000000780000000, 0x0000000782800000, 0x00000007aab00000)
  object space 40960K, 58% used [0x0000000780000000,0x000000078175e058,0x0000000782800000)
 Metaspace       used 24658K, capacity 24935K, committed 25088K, reserved 1071104K
  class space    used 2448K, capacity 2550K, committed 2560K, reserved 1048576K
GC Heap History (10 events):
Event: 68.120 GC heap before
{Heap before GC invocations=18 (full 1):
 PSYoungGen      total 25600K, used 17392K [0x00000007aab00000, 0x00000007acd80000, 0x00000007c0000000)
  eden space 15872K, 100% used [0x00000007aab00000,0x00000007aba80000,0x00000007aba80000)
  from space 9728K, 15% used [0x00000007ac400000,0x00000007ac57c010,0x00000007acd80000)
  to   space 9728K, 0% used [0x00000007aba80000,0x00000007aba80000,0x00000007ac400000)
 ParOldGen       total 40960K, used 23896K [0x0000000780000000, 0x0000000782800000, 0x00000007aab00000)
  object space 40960K, 58% used [0x0000000780000000,0x0000000781756058,0x0000000782800000)
 Metaspace       used 24440K, capacity 24729K, committed 24832K, reserved 1071104K
  class space    used 2445K, capacity 2549K, committed 2560K, reserved 1048576K
Event: 68.122 GC heap after
Heap after GC invocations=18 (full 1):
 PSYoungGen      total 17920K, used 1552K [0x00000007aab00000, 0x00000007acc80000, 0x00000007c0000000)
  eden space 15872K, 0% used [0x00000007aab00000,0x00000007aab00000,0x00000007aba80000)
  from space 2048K, 75% used [0x00000007aba80000,0x00000007abc04010,0x00000007abc80000)
  to   space 9216K, 0% used [0x00000007ac380000,0x00000007ac380000,0x00000007acc80000)
 ParOldGen       total 40960K, used 23904K [0x0000000780000000, 0x0000000782800000, 0x00000007aab00000)
  object space 40960K, 58% used [0x0000000780000000,0x0000000781758058,0x0000000782800000)
 Metaspace       used 24440K, capacity 24729K, committed 24832K, reserved 1071104K
  class space    used 2445K, capacity 2549K, committed 2560K, reserved 1048576K
}
Event: 69.969 GC heap before
{Heap before GC invocations=19 (full 1):
 PSYoungGen      total 17920K, used 17424K [0x00000007aab00000, 0x00000007acc80000, 0x00000007c0000000)
  eden space 15872K, 100% used [0x00000007aab00000,0x00000007aba80000,0x00000007aba80000)
  from space 2048K, 75% used [0x00000007aba80000,0x00000007abc04010,0x00000007abc80000)
  to   space 9216K, 0% used [0x00000007ac380000,0x00000007ac380000,0x00000007acc80000)
 ParOldGen       total 40960K, used 23904K [0x0000000780000000, 0x0000000782800000, 0x00000007aab00000)
  object space 40960K, 58% used [0x0000000780000000,0x0000000781758058,0x0000000782800000)
 Metaspace       used 24440K, capacity 24729K, committed 24832K, reserved 1071104K
  class space    used 2445K, capacity 2549K, committed 2560K, reserved 1048576K
Event: 69.971 GC heap after
Heap after GC invocations=19 (full 1):
 PSYoungGen      total 24064K, used 1568K [0x00000007aab00000, 0x00000007acb80000, 0x00000007c0000000)
  eden space 15872K, 0% used [0x00000007aab00000,0x00000007aab00000,0x00000007aba80000)
  from space 8192K, 19% used [0x00000007ac380000,0x00000007ac508000,0x00000007acb80000)
  to   space 8704K, 0% used [0x00000007aba80000,0x00000007aba80000,0x00000007ac300000)
 ParOldGen       total 40960K, used 23904K [0x0000000780000000, 0x0000000782800000, 0x00000007aab00000)
  object space 40960K, 58% used [0x0000000780000000,0x0000000781758058,0x0000000782800000)
 Metaspace       used 24440K, capacity 24729K, committed 24832K, reserved 1071104K
  class space    used 2445K, capacity 2549K, committed 2560K, reserved 1048576K
}
Event: 74.389 GC heap before
{Heap before GC invocations=20 (full 1):
 PSYoungGen      total 24064K, used 17440K [0x00000007aab00000, 0x00000007acb80000, 0x00000007c0000000)
  eden space 15872K, 100% used [0x00000007aab00000,0x00000007aba80000,0x00000007aba80000)
  from space 8192K, 19% used [0x00000007ac380000,0x00000007ac508000,0x00000007acb80000)
  to   space 8704K, 0% used [0x00000007aba80000,0x00000007aba80000,0x00000007ac300000)
 ParOldGen       total 40960K, used 23904K [0x0000000780000000, 0x0000000782800000, 0x00000007aab00000)
  object space 40960K, 58% used [0x0000000780000000,0x0000000781758058,0x0000000782800000)
 Metaspace       used 24559K, capacity 24865K, committed 25088K, reserved 1071104K
  class space    used 2445K, capacity 2549K, committed 2560K, reserved 1048576K
Event: 74.391 GC heap after
Heap after GC invocations=20 (full 1):
 PSYoungGen      total 18432K, used 2448K [0x00000007aab00000, 0x00000007aca80000, 0x00000007c0000000)
  eden space 15872K, 0% used [0x00000007aab00000,0x00000007aab00000,0x00000007aba80000)
  from space 2560K, 95% used [0x00000007aba80000,0x00000007abce4010,0x00000007abd00000)
  to   space 8192K, 0% used [0x00000007ac280000,0x00000007ac280000,0x00000007aca80000)
 ParOldGen       total 40960K, used 23912K [0x0000000780000000, 0x0000000782800000, 0x00000007aab00000)
  object space 40960K, 58% used [0x0000000780000000,0x000000078175a058,0x0000000782800000)
 Metaspace       used 24559K, capacity 24865K, committed 25088K, reserved 1071104K
  class space    used 2445K, capacity 2549K, committed 2560K, reserved 1048576K
}
Event: 76.233 GC heap before
{Heap before GC invocations=21 (full 1):
 PSYoungGen      total 18432K, used 18320K [0x00000007aab00000, 0x00000007aca80000, 0x00000007c0000000)
  eden space 15872K, 100% used [0x00000007aab00000,0x00000007aba80000,0x00000007aba80000)
  from space 2560K, 95% used [0x00000007aba80000,0x00000007abce4010,0x00000007abd00000)
  to   space 8192K, 0% used [0x00000007ac280000,0x00000007ac280000,0x00000007aca80000)
 ParOldGen       total 40960K, used 23912K [0x0000000780000000, 0x0000000782800000, 0x00000007aab00000)
  object space 40960K, 58% used [0x0000000780000000,0x000000078175a058,0x0000000782800000)
 Metaspace       used 24559K, capacity 24865K, committed 25088K, reserved 1071104K
  class space    used 2445K, capacity 2549K, committed 2560K, reserved 1048576K
Event: 76.236 GC heap after
Heap after GC invocations=21 (full 1):
 PSYoungGen      total 24064K, used 2448K [0x00000007aab00000, 0x00000007aca80000, 0x00000007c0000000)
  eden space 15872K, 0% used [0x00000007aab00000,0x00000007aab00000,0x00000007aba80000)
  from space 8192K, 29% used [0x00000007ac280000,0x00000007ac4e4010,0x00000007aca80000)
  to   space 8192K, 0% used [0x00000007aba80000,0x00000007aba80000,0x00000007ac280000)
 ParOldGen       total 40960K, used 23920K [0x0000000780000000, 0x0000000782800000, 0x00000007aab00000)
  object space 40960K, 58% used [0x0000000780000000,0x000000078175c058,0x0000000782800000)
 Metaspace       used 24559K, capacity 24865K, committed 25088K, reserved 1071104K
  class space    used 2445K, capacity 2549K, committed 2560K, reserved 1048576K
}
Event: 312.415 GC heap before
{Heap before GC invocations=22 (full 1):
 PSYoungGen      total 24064K, used 18320K [0x00000007aab00000, 0x00000007aca80000, 0x00000007c0000000)
  eden space 15872K, 100% used [0x00000007aab00000,0x00000007aba80000,0x00000007aba80000)
  from space 8192K, 29% used [0x00000007ac280000,0x00000007ac4e4010,0x00000007aca80000)
  to   space 8192K, 0% used [0x00000007aba80000,0x00000007aba80000,0x00000007ac280000)
 ParOldGen       total 40960K, used 23920K [0x0000000780000000, 0x0000000782800000, 0x00000007aab00000)
  object space 40960K, 58% used [0x0000000780000000,0x000000078175c058,0x0000000782800000)
 Metaspace       used 24624K, capacity 24935K, committed 25088K, reserved 1071104K
  class space    used 2445K, capacity 2550K, committed 2560K, reserved 1048576K
Event: 312.428 GC heap after
Heap after GC invocations=22 (full 1):
 PSYoungGen      total 19968K, used 4064K [0x00000007aab00000, 0x00000007ac980000, 0x00000007c0000000)
  eden space 15872K, 0% used [0x00000007aab00000,0x00000007aab00000,0x00000007aba80000)
  from space 4096K, 99% used [0x00000007aba80000,0x00000007abe78000,0x00000007abe80000)
  to   space 7680K, 0% used [0x00000007ac200000,0x00000007ac200000,0x00000007ac980000)
 ParOldGen       total 40960K, used 23928K [0x0000000780000000, 0x0000000782800000, 0x00000007aab00000)
  object space 40960K, 58% used [0x0000000780000000,0x000000078175e058,0x0000000782800000)
 Metaspace       used 24624K, capacity 24935K, committed 25088K, reserved 1071104K
  class space    used 2445K, capacity 2550K, committed 2560K, reserved 1048576K
}

