# JRE version: Java(TM) SE Runtime Environment (8.0_73-b02) (build 1.8.0_73-b02)
# Java VM: Java HotSpot(TM) 64-Bit Server VM (25.73-b02 mixed mode bsd-amd64 compressed oops)
Heap:
 PSYoungGen      total 57344K, used 35503K [0x00000007aab00000, 0x00000007aef80000, 0x00000007c0000000)
  eden space 48640K, 62% used [0x00000007aab00000,0x00000007ac8a7d78,0x00000007ada80000)
  from space 8704K, 59% used [0x00000007ae700000,0x00000007aec040b0,0x00000007aef80000)
  to   space 10752K, 0% used [0x00000007ada80000,0x00000007ada80000,0x00000007ae500000)
 ParOldGen       total 42496K, used 18384K [0x0000000780000000, 0x0000000782980000, 0x00000007aab00000)
  object space 42496K, 43% used [0x0000000780000000,0x00000007811f41f8,0x0000000782980000)
 Metaspace       used 24462K, capacity 24765K, committed 24832K, reserved 1071104K
  class space    used 2454K, capacity 2559K, committed 2560K, reserved 1048576K
GC Heap History (10 events):
Event: 62.103 GC heap before
{Heap before GC invocations=15 (full 1):
 PSYoungGen      total 67584K, used 64208K [0x00000007aab00000, 0x00000007aff00000, 0x00000007c0000000)
  eden space 56320K, 100% used [0x00000007aab00000,0x00000007ae200000,0x00000007ae200000)
  from space 11264K, 70% used [0x00000007ae200000,0x00000007ae9b4150,0x00000007aed00000)
  to   space 11264K, 0% used [0x00000007af400000,0x00000007af400000,0x00000007aff00000)
 ParOldGen       total 42496K, used 15696K [0x0000000780000000, 0x0000000782980000, 0x00000007aab00000)
  object space 42496K, 36% used [0x0000000780000000,0x0000000780f54398,0x0000000782980000)
 Metaspace       used 24437K, capacity 24765K, committed 24832K, reserved 1071104K
  class space    used 2450K, capacity 2559K, committed 2560K, reserved 1048576K
Event: 62.108 GC heap after
Heap after GC invocations=15 (full 1):
 PSYoungGen      total 62976K, used 7952K [0x00000007aab00000, 0x00000007afc00000, 0x00000007c0000000)
  eden space 54784K, 0% used [0x00000007aab00000,0x00000007aab00000,0x00000007ae080000)
  from space 8192K, 97% used [0x00000007af400000,0x00000007afbc4150,0x00000007afc00000)
  to   space 11264K, 0% used [0x00000007ae600000,0x00000007ae600000,0x00000007af100000)
 ParOldGen       total 42496K, used 15696K [0x0000000780000000, 0x0000000782980000, 0x00000007aab00000)
  object space 42496K, 36% used [0x0000000780000000,0x0000000780f54398,0x0000000782980000)
 Metaspace       used 24437K, capacity 24765K, committed 24832K, reserved 1071104K
  class space    used 2450K, capacity 2559K, committed 2560K, reserved 1048576K
}
Event: 68.472 GC heap before
{Heap before GC invocations=16 (full 1):
 PSYoungGen      total 62976K, used 62736K [0x00000007aab00000, 0x00000007afc00000, 0x00000007c0000000)
  eden space 54784K, 100% used [0x00000007aab00000,0x00000007ae080000,0x00000007ae080000)
  from space 8192K, 97% used [0x00000007af400000,0x00000007afbc4150,0x00000007afc00000)
  to   space 11264K, 0% used [0x00000007ae600000,0x00000007ae600000,0x00000007af100000)
 ParOldGen       total 42496K, used 15696K [0x0000000780000000, 0x0000000782980000, 0x00000007aab00000)
  object space 42496K, 36% used [0x0000000780000000,0x0000000780f54398,0x0000000782980000)
 Metaspace       used 24437K, capacity 24765K, committed 24832K, reserved 1071104K
  class space    used 2450K, capacity 2559K, committed 2560K, reserved 1048576K
Event: 68.476 GC heap after
Heap after GC invocations=16 (full 1):
 PSYoungGen      total 61440K, used 7888K [0x00000007aab00000, 0x00000007af500000, 0x00000007c0000000)
  eden space 53248K, 0% used [0x00000007aab00000,0x00000007aab00000,0x00000007adf00000)
  from space 8192K, 96% used [0x00000007ae600000,0x00000007aedb4150,0x00000007aee00000)
  to   space 7168K, 0% used [0x00000007aee00000,0x00000007aee00000,0x00000007af500000)
 ParOldGen       total 42496K, used 15696K [0x0000000780000000, 0x0000000782980000, 0x00000007aab00000)
  object space 42496K, 36% used [0x0000000780000000,0x0000000780f54398,0x0000000782980000)
 Metaspace       used 24437K, capacity 24765K, committed 24832K, reserved 1071104K
  class space    used 2450K, capacity 2559K, committed 2560K, reserved 1048576K
}
Event: 74.703 GC heap before
{Heap before GC invocations=17 (full 1):
 PSYoungGen      total 61440K, used 61136K [0x00000007aab00000, 0x00000007af500000, 0x00000007c0000000)
  eden space 53248K, 100% used [0x00000007aab00000,0x00000007adf00000,0x00000007adf00000)
  from space 8192K, 96% used [0x00000007ae600000,0x00000007aedb4150,0x00000007aee00000)
  to   space 7168K, 0% used [0x00000007aee00000,0x00000007aee00000,0x00000007af500000)
 ParOldGen       total 42496K, used 15696K [0x0000000780000000, 0x0000000782980000, 0x00000007aab00000)
  object space 42496K, 36% used [0x0000000780000000,0x0000000780f54398,0x0000000782980000)
 Metaspace       used 24437K, capacity 24765K, committed 24832K, reserved 1071104K
  class space    used 2450K, capacity 2559K, committed 2560K, reserved 1048576K
Event: 74.706 GC heap after
Heap after GC invocations=17 (full 1):
 PSYoungGen      total 58880K, used 7152K [0x00000007aab00000, 0x00000007af500000, 0x00000007c0000000)
  eden space 51712K, 0% used [0x00000007aab00000,0x00000007aab00000,0x00000007add80000)
  from space 7168K, 99% used [0x00000007aee00000,0x00000007af4fc130,0x00000007af500000)
  to   space 11264K, 0% used [0x00000007adf00000,0x00000007adf00000,0x00000007aea00000)
 ParOldGen       total 42496K, used 16362K [0x0000000780000000, 0x0000000782980000, 0x00000007aab00000)
  object space 42496K, 38% used [0x0000000780000000,0x0000000780ffa888,0x0000000782980000)
 Metaspace       used 24437K, capacity 24765K, committed 24832K, reserved 1071104K
  class space    used 2450K, capacity 2559K, committed 2560K, reserved 1048576K
}
Event: 80.759 GC heap before
{Heap before GC invocations=18 (full 1):
 PSYoungGen      total 58880K, used 58864K [0x00000007aab00000, 0x00000007af500000, 0x00000007c0000000)
  eden space 51712K, 100% used [0x00000007aab00000,0x00000007add80000,0x00000007add80000)
  from space 7168K, 99% used [0x00000007aee00000,0x00000007af4fc130,0x00000007af500000)
  to   space 11264K, 0% used [0x00000007adf00000,0x00000007adf00000,0x00000007aea00000)
 ParOldGen       total 42496K, used 16362K [0x0000000780000000, 0x0000000782980000, 0x00000007aab00000)
  object space 42496K, 38% used [0x0000000780000000,0x0000000780ffa888,0x0000000782980000)
 Metaspace       used 24437K, capacity 24765K, committed 24832K, reserved 1071104K
  class space    used 2450K, capacity 2559K, committed 2560K, reserved 1048576K
Event: 80.762 GC heap after
Heap after GC invocations=18 (full 1):
 PSYoungGen      total 55808K, used 5152K [0x00000007aab00000, 0x00000007af200000, 0x00000007c0000000)
  eden space 50176K, 0% used [0x00000007aab00000,0x00000007aab00000,0x00000007adc00000)
  from space 5632K, 91% used [0x00000007adf00000,0x00000007ae4080a0,0x00000007ae480000)
  to   space 11264K, 0% used [0x00000007ae700000,0x00000007ae700000,0x00000007af200000)
 ParOldGen       total 42496K, used 18384K [0x0000000780000000, 0x0000000782980000, 0x00000007aab00000)
  object space 42496K, 43% used [0x0000000780000000,0x00000007811f41f8,0x0000000782980000)
 Metaspace       used 24437K, capacity 24765K, committed 24832K, reserved 1071104K
  class space    used 2450K, capacity 2559K, committed 2560K, reserved 1048576K
}
Event: 86.625 GC heap before
{Heap before GC invocations=19 (full 1):
 PSYoungGen      total 55808K, used 55328K [0x00000007aab00000, 0x00000007af200000, 0x00000007c0000000)
  eden space 50176K, 100% used [0x00000007aab00000,0x00000007adc00000,0x00000007adc00000)
  from space 5632K, 91% used [0x00000007adf00000,0x00000007ae4080a0,0x00000007ae480000)
  to   space 11264K, 0% used [0x00000007ae700000,0x00000007ae700000,0x00000007af200000)
 ParOldGen       total 42496K, used 18384K [0x0000000780000000, 0x0000000782980000, 0x00000007aab00000)
  object space 42496K, 43% used [0x0000000780000000,0x00000007811f41f8,0x0000000782980000)
 Metaspace       used 24437K, capacity 24765K, committed 24832K, reserved 1071104K
  class space    used 2450K, capacity 2559K, committed 2560K, reserved 1048576K
Event: 86.628 GC heap after
Heap after GC invocations=19 (full 1):
 PSYoungGen      total 57344K, used 5136K [0x00000007aab00000, 0x00000007aef80000, 0x00000007c0000000)
  eden space 48640K, 0% used [0x00000007aab00000,0x00000007aab00000,0x00000007ada80000)
  from space 8704K, 59% used [0x00000007ae700000,0x00000007aec040b0,0x00000007aef80000)
  to   space 10752K, 0% used [0x00000007ada80000,0x00000007ada80000,0x00000007ae500000)
 ParOldGen       total 42496K, used 18384K [0x0000000780000000, 0x0000000782980000, 0x00000007aab00000)
  object space 42496K, 43% used [0x0000000780000000,0x00000007811f41f8,0x0000000782980000)
 Metaspace       used 24437K, capacity 24765K, committed 24832K, reserved 1071104K
  class space    used 2450K, capacity 2559K, committed 2560K, reserved 1048576K
}

