# JRE version: Java(TM) SE Runtime Environment (8.0_73-b02) (build 1.8.0_73-b02)
# Java VM: Java HotSpot(TM) 64-Bit Server VM (25.73-b02 mixed mode bsd-amd64 compressed oops)
Heap:
 PSYoungGen      total 52224K, used 37415K [0x00000007aab00000, 0x00000007ae980000, 0x00000007c0000000)
  eden space 45568K, 68% used [0x00000007aab00000,0x00000007ac959ae0,0x00000007ad780000)
  from space 6656K, 95% used [0x00000007ad900000,0x00000007adf30140,0x00000007adf80000)
  to   space 9216K, 0% used [0x00000007ae080000,0x00000007ae080000,0x00000007ae980000)
 ParOldGen       total 44032K, used 15422K [0x0000000780000000, 0x0000000782b00000, 0x00000007aab00000)
  object space 44032K, 35% used [0x0000000780000000,0x0000000780f0f948,0x0000000782b00000)
 Metaspace       used 24193K, capacity 24527K, committed 24832K, reserved 1071104K
  class space    used 2431K, capacity 2526K, committed 2560K, reserved 1048576K
GC Heap History (10 events):
Event: 44.958 GC heap before
{Heap before GC invocations=12 (full 1):
 PSYoungGen      total 52736K, used 50352K [0x00000007aab00000, 0x00000007aea00000, 0x00000007c0000000)
  eden space 44032K, 100% used [0x00000007aab00000,0x00000007ad600000,0x00000007ad600000)
  from space 8704K, 72% used [0x00000007ae180000,0x00000007ae7ac130,0x00000007aea00000)
  to   space 10240K, 0% used [0x00000007ad600000,0x00000007ad600000,0x00000007ae000000)
 ParOldGen       total 44032K, used 15422K [0x0000000780000000, 0x0000000782b00000, 0x00000007aab00000)
  object space 44032K, 35% used [0x0000000780000000,0x0000000780f0f948,0x0000000782b00000)
 Metaspace       used 24143K, capacity 24399K, committed 24576K, reserved 1071104K
  class space    used 2428K, capacity 2526K, committed 2560K, reserved 1048576K
Event: 44.962 GC heap after
Heap after GC invocations=12 (full 1):
 PSYoungGen      total 54272K, used 6288K [0x00000007aab00000, 0x00000007af000000, 0x00000007c0000000)
  eden space 44032K, 0% used [0x00000007aab00000,0x00000007aab00000,0x00000007ad600000)
  from space 10240K, 61% used [0x00000007ad600000,0x00000007adc24150,0x00000007ae000000)
  to   space 9728K, 0% used [0x00000007ae680000,0x00000007ae680000,0x00000007af000000)
 ParOldGen       total 44032K, used 15422K [0x0000000780000000, 0x0000000782b00000, 0x00000007aab00000)
  object space 44032K, 35% used [0x0000000780000000,0x0000000780f0f948,0x0000000782b00000)
 Metaspace       used 24143K, capacity 24399K, committed 24576K, reserved 1071104K
  class space    used 2428K, capacity 2526K, committed 2560K, reserved 1048576K
}
Event: 51.925 GC heap before
{Heap before GC invocations=13 (full 1):
 PSYoungGen      total 54272K, used 50320K [0x00000007aab00000, 0x00000007af000000, 0x00000007c0000000)
  eden space 44032K, 100% used [0x00000007aab00000,0x00000007ad600000,0x00000007ad600000)
  from space 10240K, 61% used [0x00000007ad600000,0x00000007adc24150,0x00000007ae000000)
  to   space 9728K, 0% used [0x00000007ae680000,0x00000007ae680000,0x00000007af000000)
 ParOldGen       total 44032K, used 15422K [0x0000000780000000, 0x0000000782b00000, 0x00000007aab00000)
  object space 44032K, 35% used [0x0000000780000000,0x0000000780f0f948,0x0000000782b00000)
 Metaspace       used 24143K, capacity 24399K, committed 24576K, reserved 1071104K
  class space    used 2428K, capacity 2526K, committed 2560K, reserved 1048576K
Event: 51.930 GC heap after
Heap after GC invocations=13 (full 1):
 PSYoungGen      total 58880K, used 6352K [0x00000007aab00000, 0x00000007aef00000, 0x00000007c0000000)
  eden space 50176K, 0% used [0x00000007aab00000,0x00000007aab00000,0x00000007adc00000)
  from space 8704K, 72% used [0x00000007ae680000,0x00000007aecb4130,0x00000007aef00000)
  to   space 9728K, 0% used [0x00000007adc00000,0x00000007adc00000,0x00000007ae580000)
 ParOldGen       total 44032K, used 15422K [0x0000000780000000, 0x0000000782b00000, 0x00000007aab00000)
  object space 44032K, 35% used [0x0000000780000000,0x0000000780f0f948,0x0000000782b00000)
 Metaspace       used 24143K, capacity 24399K, committed 24576K, reserved 1071104K
  class space    used 2428K, capacity 2526K, committed 2560K, reserved 1048576K
}
Event: 59.855 GC heap before
{Heap before GC invocations=14 (full 1):
 PSYoungGen      total 58880K, used 56528K [0x00000007aab00000, 0x00000007aef00000, 0x00000007c0000000)
  eden space 50176K, 100% used [0x00000007aab00000,0x00000007adc00000,0x00000007adc00000)
  from space 8704K, 72% used [0x00000007ae680000,0x00000007aecb4130,0x00000007aef00000)
  to   space 9728K, 0% used [0x00000007adc00000,0x00000007adc00000,0x00000007ae580000)
 ParOldGen       total 44032K, used 15422K [0x0000000780000000, 0x0000000782b00000, 0x00000007aab00000)
  object space 44032K, 35% used [0x0000000780000000,0x0000000780f0f948,0x0000000782b00000)
 Metaspace       used 24143K, capacity 24399K, committed 24576K, reserved 1071104K
  class space    used 2428K, capacity 2526K, committed 2560K, reserved 1048576K
Event: 59.857 GC heap after
Heap after GC invocations=14 (full 1):
 PSYoungGen      total 55296K, used 6336K [0x00000007aab00000, 0x00000007aed80000, 0x00000007c0000000)
  eden space 48640K, 0% used [0x00000007aab00000,0x00000007aab00000,0x00000007ada80000)
  from space 6656K, 95% used [0x00000007adc00000,0x00000007ae230140,0x00000007ae280000)
  to   space 9728K, 0% used [0x00000007ae400000,0x00000007ae400000,0x00000007aed80000)
 ParOldGen       total 44032K, used 15422K [0x0000000780000000, 0x0000000782b00000, 0x00000007aab00000)
  object space 44032K, 35% used [0x0000000780000000,0x0000000780f0f948,0x0000000782b00000)
 Metaspace       used 24143K, capacity 24399K, committed 24576K, reserved 1071104K
  class space    used 2428K, capacity 2526K, committed 2560K, reserved 1048576K
}
Event: 67.584 GC heap before
{Heap before GC invocations=15 (full 1):
 PSYoungGen      total 55296K, used 54976K [0x00000007aab00000, 0x00000007aed80000, 0x00000007c0000000)
  eden space 48640K, 100% used [0x00000007aab00000,0x00000007ada80000,0x00000007ada80000)
  from space 6656K, 95% used [0x00000007adc00000,0x00000007ae230140,0x00000007ae280000)
  to   space 9728K, 0% used [0x00000007ae400000,0x00000007ae400000,0x00000007aed80000)
 ParOldGen       total 44032K, used 15422K [0x0000000780000000, 0x0000000782b00000, 0x00000007aab00000)
  object space 44032K, 35% used [0x0000000780000000,0x0000000780f0f948,0x0000000782b00000)
 Metaspace       used 24143K, capacity 24399K, committed 24576K, reserved 1071104K
  class space    used 2428K, capacity 2526K, committed 2560K, reserved 1048576K
Event: 67.588 GC heap after
Heap after GC invocations=15 (full 1):
 PSYoungGen      total 55296K, used 6336K [0x00000007aab00000, 0x00000007aec00000, 0x00000007c0000000)
  eden space 47104K, 0% used [0x00000007aab00000,0x00000007aab00000,0x00000007ad900000)
  from space 8192K, 77% used [0x00000007ae400000,0x00000007aea30140,0x00000007aec00000)
  to   space 9728K, 0% used [0x00000007ad900000,0x00000007ad900000,0x00000007ae280000)
 ParOldGen       total 44032K, used 15422K [0x0000000780000000, 0x0000000782b00000, 0x00000007aab00000)
  object space 44032K, 35% used [0x0000000780000000,0x0000000780f0f948,0x0000000782b00000)
 Metaspace       used 24143K, capacity 24399K, committed 24576K, reserved 1071104K
  class space    used 2428K, capacity 2526K, committed 2560K, reserved 1048576K
}
Event: 75.038 GC heap before
{Heap before GC invocations=16 (full 1):
 PSYoungGen      total 55296K, used 53440K [0x00000007aab00000, 0x00000007aec00000, 0x00000007c0000000)
  eden space 47104K, 100% used [0x00000007aab00000,0x00000007ad900000,0x00000007ad900000)
  from space 8192K, 77% used [0x00000007ae400000,0x00000007aea30140,0x00000007aec00000)
  to   space 9728K, 0% used [0x00000007ad900000,0x00000007ad900000,0x00000007ae280000)
 ParOldGen       total 44032K, used 15422K [0x0000000780000000, 0x0000000782b00000, 0x00000007aab00000)
  object space 44032K, 35% used [0x0000000780000000,0x0000000780f0f948,0x0000000782b00000)
 Metaspace       used 24143K, capacity 24399K, committed 24576K, reserved 1071104K
  class space    used 2428K, capacity 2526K, committed 2560K, reserved 1048576K
Event: 75.042 GC heap after
Heap after GC invocations=16 (full 1):
 PSYoungGen      total 52224K, used 6336K [0x00000007aab00000, 0x00000007ae980000, 0x00000007c0000000)
  eden space 45568K, 0% used [0x00000007aab00000,0x00000007aab00000,0x00000007ad780000)
  from space 6656K, 95% used [0x00000007ad900000,0x00000007adf30140,0x00000007adf80000)
  to   space 9216K, 0% used [0x00000007ae080000,0x00000007ae080000,0x00000007ae980000)
 ParOldGen       total 44032K, used 15422K [0x0000000780000000, 0x0000000782b00000, 0x00000007aab00000)
  object space 44032K, 35% used [0x0000000780000000,0x0000000780f0f948,0x0000000782b00000)
 Metaspace       used 24143K, capacity 24399K, committed 24576K, reserved 1071104K
  class space    used 2428K, capacity 2526K, committed 2560K, reserved 1048576K
}

