# JRE version: Java(TM) SE Runtime Environment (8.0_73-b02) (build 1.8.0_73-b02)
# Java VM: Java HotSpot(TM) 64-Bit Server VM (25.73-b02 mixed mode bsd-amd64 compressed oops)
Heap:
 PSYoungGen      total 21504K, used 16683K [0x00000007aab00000, 0x00000007ac100000, 0x00000007c0000000)
  eden space 20992K, 78% used [0x00000007aab00000,0x00000007abb2acc8,0x00000007abf80000)
  from space 512K, 25% used [0x00000007ac080000,0x00000007ac0a0000,0x00000007ac100000)
  to   space 512K, 0% used [0x00000007ac000000,0x00000007ac000000,0x00000007ac080000)
 ParOldGen       total 43520K, used 28537K [0x0000000780000000, 0x0000000782a80000, 0x00000007aab00000)
  object space 43520K, 65% used [0x0000000780000000,0x0000000781bde448,0x0000000782a80000)
 Metaspace       used 24231K, capacity 24427K, committed 24576K, reserved 1071104K
  class space    used 2438K, capacity 2516K, committed 2560K, reserved 1048576K
GC Heap History (10 events):
Event: 526.597 GC heap before
{Heap before GC invocations=199 (full 1):
 PSYoungGen      total 21504K, used 21088K [0x00000007aab00000, 0x00000007ac100000, 0x00000007c0000000)
  eden space 20992K, 100% used [0x00000007aab00000,0x00000007abf80000,0x00000007abf80000)
  from space 512K, 18% used [0x00000007ac000000,0x00000007ac018000,0x00000007ac080000)
  to   space 512K, 0% used [0x00000007ac080000,0x00000007ac080000,0x00000007ac100000)
 ParOldGen       total 43520K, used 28537K [0x0000000780000000, 0x0000000782a80000, 0x00000007aab00000)
  object space 43520K, 65% used [0x0000000780000000,0x0000000781bde448,0x0000000782a80000)
 Metaspace       used 24195K, capacity 24427K, committed 24576K, reserved 1071104K
  class space    used 2434K, capacity 2516K, committed 2560K, reserved 1048576K
Event: 526.598 GC heap after
Heap after GC invocations=199 (full 1):
 PSYoungGen      total 21504K, used 96K [0x00000007aab00000, 0x00000007ac100000, 0x00000007c0000000)
  eden space 20992K, 0% used [0x00000007aab00000,0x00000007aab00000,0x00000007abf80000)
  from space 512K, 18% used [0x00000007ac080000,0x00000007ac098000,0x00000007ac100000)
  to   space 512K, 0% used [0x00000007ac000000,0x00000007ac000000,0x00000007ac080000)
 ParOldGen       total 43520K, used 28537K [0x0000000780000000, 0x0000000782a80000, 0x00000007aab00000)
  object space 43520K, 65% used [0x0000000780000000,0x0000000781bde448,0x0000000782a80000)
 Metaspace       used 24195K, capacity 24427K, committed 24576K, reserved 1071104K
  class space    used 2434K, capacity 2516K, committed 2560K, reserved 1048576K
}
Event: 528.892 GC heap before
{Heap before GC invocations=200 (full 1):
 PSYoungGen      total 21504K, used 21088K [0x00000007aab00000, 0x00000007ac100000, 0x00000007c0000000)
  eden space 20992K, 100% used [0x00000007aab00000,0x00000007abf80000,0x00000007abf80000)
  from space 512K, 18% used [0x00000007ac080000,0x00000007ac098000,0x00000007ac100000)
  to   space 512K, 0% used [0x00000007ac000000,0x00000007ac000000,0x00000007ac080000)
 ParOldGen       total 43520K, used 28537K [0x0000000780000000, 0x0000000782a80000, 0x00000007aab00000)
  object space 43520K, 65% used [0x0000000780000000,0x0000000781bde448,0x0000000782a80000)
 Metaspace       used 24195K, capacity 24427K, committed 24576K, reserved 1071104K
  class space    used 2434K, capacity 2516K, committed 2560K, reserved 1048576K
Event: 528.893 GC heap after
Heap after GC invocations=200 (full 1):
 PSYoungGen      total 21504K, used 96K [0x00000007aab00000, 0x00000007ac100000, 0x00000007c0000000)
  eden space 20992K, 0% used [0x00000007aab00000,0x00000007aab00000,0x00000007abf80000)
  from space 512K, 18% used [0x00000007ac000000,0x00000007ac018000,0x00000007ac080000)
  to   space 512K, 0% used [0x00000007ac080000,0x00000007ac080000,0x00000007ac100000)
 ParOldGen       total 43520K, used 28537K [0x0000000780000000, 0x0000000782a80000, 0x00000007aab00000)
  object space 43520K, 65% used [0x0000000780000000,0x0000000781bde448,0x0000000782a80000)
 Metaspace       used 24195K, capacity 24427K, committed 24576K, reserved 1071104K
  class space    used 2434K, capacity 2516K, committed 2560K, reserved 1048576K
}
Event: 531.200 GC heap before
{Heap before GC invocations=201 (full 1):
 PSYoungGen      total 21504K, used 21088K [0x00000007aab00000, 0x00000007ac100000, 0x00000007c0000000)
  eden space 20992K, 100% used [0x00000007aab00000,0x00000007abf80000,0x00000007abf80000)
  from space 512K, 18% used [0x00000007ac000000,0x00000007ac018000,0x00000007ac080000)
  to   space 512K, 0% used [0x00000007ac080000,0x00000007ac080000,0x00000007ac100000)
 ParOldGen       total 43520K, used 28537K [0x0000000780000000, 0x0000000782a80000, 0x00000007aab00000)
  object space 43520K, 65% used [0x0000000780000000,0x0000000781bde448,0x0000000782a80000)
 Metaspace       used 24195K, capacity 24427K, committed 24576K, reserved 1071104K
  class space    used 2434K, capacity 2516K, committed 2560K, reserved 1048576K
Event: 531.201 GC heap after
Heap after GC invocations=201 (full 1):
 PSYoungGen      total 21504K, used 128K [0x00000007aab00000, 0x00000007ac100000, 0x00000007c0000000)
  eden space 20992K, 0% used [0x00000007aab00000,0x00000007aab00000,0x00000007abf80000)
  from space 512K, 25% used [0x00000007ac080000,0x00000007ac0a0000,0x00000007ac100000)
  to   space 512K, 0% used [0x00000007ac000000,0x00000007ac000000,0x00000007ac080000)
 ParOldGen       total 43520K, used 28537K [0x0000000780000000, 0x0000000782a80000, 0x00000007aab00000)
  object space 43520K, 65% used [0x0000000780000000,0x0000000781bde448,0x0000000782a80000)
 Metaspace       used 24195K, capacity 24427K, committed 24576K, reserved 1071104K
  class space    used 2434K, capacity 2516K, committed 2560K, reserved 1048576K
}
Event: 533.495 GC heap before
{Heap before GC invocations=202 (full 1):
 PSYoungGen      total 21504K, used 21120K [0x00000007aab00000, 0x00000007ac100000, 0x00000007c0000000)
  eden space 20992K, 100% used [0x00000007aab00000,0x00000007abf80000,0x00000007abf80000)
  from space 512K, 25% used [0x00000007ac080000,0x00000007ac0a0000,0x00000007ac100000)
  to   space 512K, 0% used [0x00000007ac000000,0x00000007ac000000,0x00000007ac080000)
 ParOldGen       total 43520K, used 28537K [0x0000000780000000, 0x0000000782a80000, 0x00000007aab00000)
  object space 43520K, 65% used [0x0000000780000000,0x0000000781bde448,0x0000000782a80000)
 Metaspace       used 24195K, capacity 24427K, committed 24576K, reserved 1071104K
  class space    used 2434K, capacity 2516K, committed 2560K, reserved 1048576K
Event: 533.496 GC heap after
Heap after GC invocations=202 (full 1):
 PSYoungGen      total 21504K, used 96K [0x00000007aab00000, 0x00000007ac100000, 0x00000007c0000000)
  eden space 20992K, 0% used [0x00000007aab00000,0x00000007aab00000,0x00000007abf80000)
  from space 512K, 18% used [0x00000007ac000000,0x00000007ac018000,0x00000007ac080000)
  to   space 512K, 0% used [0x00000007ac080000,0x00000007ac080000,0x00000007ac100000)
 ParOldGen       total 43520K, used 28537K [0x0000000780000000, 0x0000000782a80000, 0x00000007aab00000)
  object space 43520K, 65% used [0x0000000780000000,0x0000000781bde448,0x0000000782a80000)
 Metaspace       used 24195K, capacity 24427K, committed 24576K, reserved 1071104K
  class space    used 2434K, capacity 2516K, committed 2560K, reserved 1048576K
}
Event: 535.775 GC heap before
{Heap before GC invocations=203 (full 1):
 PSYoungGen      total 21504K, used 21088K [0x00000007aab00000, 0x00000007ac100000, 0x00000007c0000000)
  eden space 20992K, 100% used [0x00000007aab00000,0x00000007abf80000,0x00000007abf80000)
  from space 512K, 18% used [0x00000007ac000000,0x00000007ac018000,0x00000007ac080000)
  to   space 512K, 0% used [0x00000007ac080000,0x00000007ac080000,0x00000007ac100000)
 ParOldGen       total 43520K, used 28537K [0x0000000780000000, 0x0000000782a80000, 0x00000007aab00000)
  object space 43520K, 65% used [0x0000000780000000,0x0000000781bde448,0x0000000782a80000)
 Metaspace       used 24195K, capacity 24427K, committed 24576K, reserved 1071104K
  class space    used 2434K, capacity 2516K, committed 2560K, reserved 1048576K
Event: 535.776 GC heap after
Heap after GC invocations=203 (full 1):
 PSYoungGen      total 21504K, used 128K [0x00000007aab00000, 0x00000007ac100000, 0x00000007c0000000)
  eden space 20992K, 0% used [0x00000007aab00000,0x00000007aab00000,0x00000007abf80000)
  from space 512K, 25% used [0x00000007ac080000,0x00000007ac0a0000,0x00000007ac100000)
  to   space 512K, 0% used [0x00000007ac000000,0x00000007ac000000,0x00000007ac080000)
 ParOldGen       total 43520K, used 28537K [0x0000000780000000, 0x0000000782a80000, 0x00000007aab00000)
  object space 43520K, 65% used [0x0000000780000000,0x0000000781bde448,0x0000000782a80000)
 Metaspace       used 24195K, capacity 24427K, committed 24576K, reserved 1071104K
  class space    used 2434K, capacity 2516K, committed 2560K, reserved 1048576K
}

