# JRE version: Java(TM) SE Runtime Environment (8.0_73-b02) (build 1.8.0_73-b02)
# Java VM: Java HotSpot(TM) 64-Bit Server VM (25.73-b02 mixed mode bsd-amd64 compressed oops)
Heap:
 PSYoungGen      total 48640K, used 44965K [0x00000007aab00000, 0x00000007aed80000, 0x00000007c0000000)
  eden space 37376K, 91% used [0x00000007aab00000,0x00000007acc396a0,0x00000007acf80000)
  from space 11264K, 97% used [0x00000007ad080000,0x00000007adb300c0,0x00000007adb80000)
  to   space 15360K, 0% used [0x00000007ade80000,0x00000007ade80000,0x00000007aed80000)
 ParOldGen       total 43520K, used 33434K [0x0000000780000000, 0x0000000782a80000, 0x00000007aab00000)
  object space 43520K, 76% used [0x0000000780000000,0x00000007820a6ae8,0x0000000782a80000)
 Metaspace       used 25054K, capacity 25363K, committed 25600K, reserved 1073152K
  class space    used 2459K, capacity 2560K, committed 2560K, reserved 1048576K
GC Heap History (10 events):
Event: 111.672 GC heap before
{Heap before GC invocations=18 (full 1):
 PSYoungGen      total 56832K, used 52880K [0x00000007aab00000, 0x00000007af280000, 0x00000007c0000000)
  eden space 42496K, 100% used [0x00000007aab00000,0x00000007ad480000,0x00000007ad480000)
  from space 14336K, 72% used [0x00000007ae480000,0x00000007aeea4100,0x00000007af280000)
  to   space 15360K, 0% used [0x00000007ad480000,0x00000007ad480000,0x00000007ae380000)
 ParOldGen       total 43520K, used 33418K [0x0000000780000000, 0x0000000782a80000, 0x00000007aab00000)
  object space 43520K, 76% used [0x0000000780000000,0x00000007820a2ae8,0x0000000782a80000)
 Metaspace       used 24744K, capacity 25011K, committed 25088K, reserved 1071104K
  class space    used 2432K, capacity 2528K, committed 2560K, reserved 1048576K
Event: 111.675 GC heap after
Heap after GC invocations=18 (full 1):
 PSYoungGen      total 52224K, used 10288K [0x00000007aab00000, 0x00000007af180000, 0x00000007c0000000)
  eden space 41472K, 0% used [0x00000007aab00000,0x00000007aab00000,0x00000007ad380000)
  from space 10752K, 95% used [0x00000007ad480000,0x00000007ade8c110,0x00000007adf00000)
  to   space 15360K, 0% used [0x00000007ae280000,0x00000007ae280000,0x00000007af180000)
 ParOldGen       total 43520K, used 33418K [0x0000000780000000, 0x0000000782a80000, 0x00000007aab00000)
  object space 43520K, 76% used [0x0000000780000000,0x00000007820a2ae8,0x0000000782a80000)
 Metaspace       used 24744K, capacity 25011K, committed 25088K, reserved 1071104K
  class space    used 2432K, capacity 2528K, committed 2560K, reserved 1048576K
}
Event: 115.598 GC heap before
{Heap before GC invocations=19 (full 1):
 PSYoungGen      total 52224K, used 51760K [0x00000007aab00000, 0x00000007af180000, 0x00000007c0000000)
  eden space 41472K, 100% used [0x00000007aab00000,0x00000007ad380000,0x00000007ad380000)
  from space 10752K, 95% used [0x00000007ad480000,0x00000007ade8c110,0x00000007adf00000)
  to   space 15360K, 0% used [0x00000007ae280000,0x00000007ae280000,0x00000007af180000)
 ParOldGen       total 43520K, used 33418K [0x0000000780000000, 0x0000000782a80000, 0x00000007aab00000)
  object space 43520K, 76% used [0x0000000780000000,0x00000007820a2ae8,0x0000000782a80000)
 Metaspace       used 24745K, capacity 25011K, committed 25088K, reserved 1071104K
  class space    used 2433K, capacity 2528K, committed 2560K, reserved 1048576K
Event: 115.601 GC heap after
Heap after GC invocations=19 (full 1):
 PSYoungGen      total 54784K, used 10256K [0x00000007aab00000, 0x00000007af080000, 0x00000007c0000000)
  eden space 40448K, 0% used [0x00000007aab00000,0x00000007aab00000,0x00000007ad280000)
  from space 14336K, 71% used [0x00000007ae280000,0x00000007aec84110,0x00000007af080000)
  to   space 15360K, 0% used [0x00000007ad280000,0x00000007ad280000,0x00000007ae180000)
 ParOldGen       total 43520K, used 33418K [0x0000000780000000, 0x0000000782a80000, 0x00000007aab00000)
  object space 43520K, 76% used [0x0000000780000000,0x00000007820a2ae8,0x0000000782a80000)
 Metaspace       used 24745K, capacity 25011K, committed 25088K, reserved 1071104K
  class space    used 2433K, capacity 2528K, committed 2560K, reserved 1048576K
}
Event: 121.980 GC heap before
{Heap before GC invocations=20 (full 1):
 PSYoungGen      total 54784K, used 50704K [0x00000007aab00000, 0x00000007af080000, 0x00000007c0000000)
  eden space 40448K, 100% used [0x00000007aab00000,0x00000007ad280000,0x00000007ad280000)
  from space 14336K, 71% used [0x00000007ae280000,0x00000007aec84110,0x00000007af080000)
  to   space 15360K, 0% used [0x00000007ad280000,0x00000007ad280000,0x00000007ae180000)
 ParOldGen       total 43520K, used 33418K [0x0000000780000000, 0x0000000782a80000, 0x00000007aab00000)
  object space 43520K, 76% used [0x0000000780000000,0x00000007820a2ae8,0x0000000782a80000)
 Metaspace       used 25009K, capacity 25299K, committed 25344K, reserved 1073152K
  class space    used 2455K, capacity 2560K, committed 2560K, reserved 1048576K
Event: 121.983 GC heap after
Heap after GC invocations=20 (full 1):
 PSYoungGen      total 50688K, used 11154K [0x00000007aab00000, 0x00000007aef80000, 0x00000007c0000000)
  eden space 39424K, 0% used [0x00000007aab00000,0x00000007aab00000,0x00000007ad180000)
  from space 11264K, 99% used [0x00000007ad280000,0x00000007add649e8,0x00000007add80000)
  to   space 15360K, 0% used [0x00000007ae080000,0x00000007ae080000,0x00000007aef80000)
 ParOldGen       total 43520K, used 33426K [0x0000000780000000, 0x0000000782a80000, 0x00000007aab00000)
  object space 43520K, 76% used [0x0000000780000000,0x00000007820a4ae8,0x0000000782a80000)
 Metaspace       used 25009K, capacity 25299K, committed 25344K, reserved 1073152K
  class space    used 2455K, capacity 2560K, committed 2560K, reserved 1048576K
}
Event: 124.805 GC heap before
{Heap before GC invocations=21 (full 1):
 PSYoungGen      total 50688K, used 50578K [0x00000007aab00000, 0x00000007aef80000, 0x00000007c0000000)
  eden space 39424K, 100% used [0x00000007aab00000,0x00000007ad180000,0x00000007ad180000)
  from space 11264K, 99% used [0x00000007ad280000,0x00000007add649e8,0x00000007add80000)
  to   space 15360K, 0% used [0x00000007ae080000,0x00000007ae080000,0x00000007aef80000)
 ParOldGen       total 43520K, used 33426K [0x0000000780000000, 0x0000000782a80000, 0x00000007aab00000)
  object space 43520K, 76% used [0x0000000780000000,0x00000007820a4ae8,0x0000000782a80000)
 Metaspace       used 25033K, capacity 25363K, committed 25600K, reserved 1073152K
  class space    used 2455K, capacity 2560K, committed 2560K, reserved 1048576K
Event: 124.809 GC heap after
Heap after GC invocations=21 (full 1):
 PSYoungGen      total 52736K, used 10976K [0x00000007aab00000, 0x00000007aee80000, 0x00000007c0000000)
  eden space 38400K, 0% used [0x00000007aab00000,0x00000007aab00000,0x00000007ad080000)
  from space 14336K, 76% used [0x00000007ae080000,0x00000007aeb380c0,0x00000007aee80000)
  to   space 15360K, 0% used [0x00000007ad080000,0x00000007ad080000,0x00000007adf80000)
 ParOldGen       total 43520K, used 33434K [0x0000000780000000, 0x0000000782a80000, 0x00000007aab00000)
  object space 43520K, 76% used [0x0000000780000000,0x00000007820a6ae8,0x0000000782a80000)
 Metaspace       used 25033K, capacity 25363K, committed 25600K, reserved 1073152K
  class space    used 2455K, capacity 2560K, committed 2560K, reserved 1048576K
}
Event: 128.415 GC heap before
{Heap before GC invocations=22 (full 1):
 PSYoungGen      total 52736K, used 49376K [0x00000007aab00000, 0x00000007aee80000, 0x00000007c0000000)
  eden space 38400K, 100% used [0x00000007aab00000,0x00000007ad080000,0x00000007ad080000)
  from space 14336K, 76% used [0x00000007ae080000,0x00000007aeb380c0,0x00000007aee80000)
  to   space 15360K, 0% used [0x00000007ad080000,0x00000007ad080000,0x00000007adf80000)
 ParOldGen       total 43520K, used 33434K [0x0000000780000000, 0x0000000782a80000, 0x00000007aab00000)
  object space 43520K, 76% used [0x0000000780000000,0x00000007820a6ae8,0x0000000782a80000)
 Metaspace       used 25033K, capacity 25363K, committed 25600K, reserved 1073152K
  class space    used 2455K, capacity 2560K, committed 2560K, reserved 1048576K
Event: 128.419 GC heap after
Heap after GC invocations=22 (full 1):
 PSYoungGen      total 48640K, used 10944K [0x00000007aab00000, 0x00000007aed80000, 0x00000007c0000000)
  eden space 37376K, 0% used [0x00000007aab00000,0x00000007aab00000,0x00000007acf80000)
  from space 11264K, 97% used [0x00000007ad080000,0x00000007adb300c0,0x00000007adb80000)
  to   space 15360K, 0% used [0x00000007ade80000,0x00000007ade80000,0x00000007aed80000)
 ParOldGen       total 43520K, used 33434K [0x0000000780000000, 0x0000000782a80000, 0x00000007aab00000)
  object space 43520K, 76% used [0x0000000780000000,0x00000007820a6ae8,0x0000000782a80000)
 Metaspace       used 25033K, capacity 25363K, committed 25600K, reserved 1073152K
  class space    used 2455K, capacity 2560K, committed 2560K, reserved 1048576K
}

