# JRE version: Java(TM) SE Runtime Environment (8.0_73-b02) (build 1.8.0_73-b02)
# Java VM: Java HotSpot(TM) 64-Bit Server VM (25.73-b02 mixed mode bsd-amd64 compressed oops)
Heap:
 PSYoungGen      total 34304K, used 18549K [0x00000007aab00000, 0x00000007adb00000, 0x00000007c0000000)
  eden space 21504K, 85% used [0x00000007aab00000,0x00000007abd0d7b0,0x00000007ac000000)
  from space 12800K, 0% used [0x00000007ace80000,0x00000007ace90000,0x00000007adb00000)
  to   space 13824K, 0% used [0x00000007ac000000,0x00000007ac000000,0x00000007acd80000)
 ParOldGen       total 248832K, used 227255K [0x0000000780000000, 0x000000078f300000, 0x00000007aab00000)
  object space 248832K, 91% used [0x0000000780000000,0x000000078ddede08,0x000000078f300000)
 Metaspace       used 25593K, capacity 25889K, committed 26240K, reserved 1073152K
  class space    used 2468K, capacity 2563K, committed 2688K, reserved 1048576K
GC Heap History (10 events):
Event: 270.808 GC heap before
{Heap before GC invocations=128 (full 8):
 PSYoungGen      total 22016K, used 21568K [0x00000007aab00000, 0x00000007ae200000, 0x00000007c0000000)
  eden space 21504K, 100% used [0x00000007aab00000,0x00000007ac000000,0x00000007ac000000)
  from space 512K, 12% used [0x00000007ac000000,0x00000007ac010000,0x00000007ac080000)
  to   space 17408K, 0% used [0x00000007ad100000,0x00000007ad100000,0x00000007ae200000)
 ParOldGen       total 248832K, used 227255K [0x0000000780000000, 0x000000078f300000, 0x00000007aab00000)
  object space 248832K, 91% used [0x0000000780000000,0x000000078ddede08,0x000000078f300000)
 Metaspace       used 25573K, capacity 25889K, committed 26240K, reserved 1073152K
  class space    used 2464K, capacity 2563K, committed 2688K, reserved 1048576K
Event: 270.810 GC heap after
Heap after GC invocations=128 (full 8):
 PSYoungGen      total 37888K, used 64K [0x00000007aab00000, 0x00000007ae100000, 0x00000007c0000000)
  eden space 21504K, 0% used [0x00000007aab00000,0x00000007aab00000,0x00000007ac000000)
  from space 16384K, 0% used [0x00000007ad100000,0x00000007ad110000,0x00000007ae100000)
  to   space 16896K, 0% used [0x00000007ac000000,0x00000007ac000000,0x00000007ad080000)
 ParOldGen       total 248832K, used 227255K [0x0000000780000000, 0x000000078f300000, 0x00000007aab00000)
  object space 248832K, 91% used [0x0000000780000000,0x000000078ddede08,0x000000078f300000)
 Metaspace       used 25573K, capacity 25889K, committed 26240K, reserved 1073152K
  class space    used 2464K, capacity 2563K, committed 2688K, reserved 1048576K
}
Event: 273.035 GC heap before
{Heap before GC invocations=129 (full 8):
 PSYoungGen      total 37888K, used 21568K [0x00000007aab00000, 0x00000007ae100000, 0x00000007c0000000)
  eden space 21504K, 100% used [0x00000007aab00000,0x00000007ac000000,0x00000007ac000000)
  from space 16384K, 0% used [0x00000007ad100000,0x00000007ad110000,0x00000007ae100000)
  to   space 16896K, 0% used [0x00000007ac000000,0x00000007ac000000,0x00000007ad080000)
 ParOldGen       total 248832K, used 227255K [0x0000000780000000, 0x000000078f300000, 0x00000007aab00000)
  object space 248832K, 91% used [0x0000000780000000,0x000000078ddede08,0x000000078f300000)
 Metaspace       used 25573K, capacity 25889K, committed 26240K, reserved 1073152K
  class space    used 2464K, capacity 2563K, committed 2688K, reserved 1048576K
Event: 273.038 GC heap after
Heap after GC invocations=129 (full 8):
 PSYoungGen      total 22016K, used 64K [0x00000007aab00000, 0x00000007ae000000, 0x00000007c0000000)
  eden space 21504K, 0% used [0x00000007aab00000,0x00000007aab00000,0x00000007ac000000)
  from space 512K, 12% used [0x00000007ac000000,0x00000007ac010000,0x00000007ac080000)
  to   space 16384K, 0% used [0x00000007ad000000,0x00000007ad000000,0x00000007ae000000)
 ParOldGen       total 248832K, used 227255K [0x0000000780000000, 0x000000078f300000, 0x00000007aab00000)
  object space 248832K, 91% used [0x0000000780000000,0x000000078ddede08,0x000000078f300000)
 Metaspace       used 25573K, capacity 25889K, committed 26240K, reserved 1073152K
  class space    used 2464K, capacity 2563K, committed 2688K, reserved 1048576K
}
Event: 275.197 GC heap before
{Heap before GC invocations=130 (full 8):
 PSYoungGen      total 22016K, used 21568K [0x00000007aab00000, 0x00000007ae000000, 0x00000007c0000000)
  eden space 21504K, 100% used [0x00000007aab00000,0x00000007ac000000,0x00000007ac000000)
  from space 512K, 12% used [0x00000007ac000000,0x00000007ac010000,0x00000007ac080000)
  to   space 16384K, 0% used [0x00000007ad000000,0x00000007ad000000,0x00000007ae000000)
 ParOldGen       total 248832K, used 227255K [0x0000000780000000, 0x000000078f300000, 0x00000007aab00000)
  object space 248832K, 91% used [0x0000000780000000,0x000000078ddede08,0x000000078f300000)
 Metaspace       used 25573K, capacity 25889K, committed 26240K, reserved 1073152K
  class space    used 2464K, capacity 2563K, committed 2688K, reserved 1048576K
Event: 275.199 GC heap after
Heap after GC invocations=130 (full 8):
 PSYoungGen      total 35840K, used 64K [0x00000007aab00000, 0x00000007ade00000, 0x00000007c0000000)
  eden space 21504K, 0% used [0x00000007aab00000,0x00000007aab00000,0x00000007ac000000)
  from space 14336K, 0% used [0x00000007ad000000,0x00000007ad010000,0x00000007ade00000)
  to   space 15360K, 0% used [0x00000007ac000000,0x00000007ac000000,0x00000007acf00000)
 ParOldGen       total 248832K, used 227255K [0x0000000780000000, 0x000000078f300000, 0x00000007aab00000)
  object space 248832K, 91% used [0x0000000780000000,0x000000078ddede08,0x000000078f300000)
 Metaspace       used 25573K, capacity 25889K, committed 26240K, reserved 1073152K
  class space    used 2464K, capacity 2563K, committed 2688K, reserved 1048576K
}
Event: 277.343 GC heap before
{Heap before GC invocations=131 (full 8):
 PSYoungGen      total 35840K, used 21568K [0x00000007aab00000, 0x00000007ade00000, 0x00000007c0000000)
  eden space 21504K, 100% used [0x00000007aab00000,0x00000007ac000000,0x00000007ac000000)
  from space 14336K, 0% used [0x00000007ad000000,0x00000007ad010000,0x00000007ade00000)
  to   space 15360K, 0% used [0x00000007ac000000,0x00000007ac000000,0x00000007acf00000)
 ParOldGen       total 248832K, used 227255K [0x0000000780000000, 0x000000078f300000, 0x00000007aab00000)
  object space 248832K, 91% used [0x0000000780000000,0x000000078ddede08,0x000000078f300000)
 Metaspace       used 25573K, capacity 25889K, committed 26240K, reserved 1073152K
  class space    used 2464K, capacity 2563K, committed 2688K, reserved 1048576K
Event: 277.346 GC heap after
Heap after GC invocations=131 (full 8):
 PSYoungGen      total 22016K, used 96K [0x00000007aab00000, 0x00000007add00000, 0x00000007c0000000)
  eden space 21504K, 0% used [0x00000007aab00000,0x00000007aab00000,0x00000007ac000000)
  from space 512K, 18% used [0x00000007ac000000,0x00000007ac018000,0x00000007ac080000)
  to   space 14848K, 0% used [0x00000007ace80000,0x00000007ace80000,0x00000007add00000)
 ParOldGen       total 248832K, used 227255K [0x0000000780000000, 0x000000078f300000, 0x00000007aab00000)
  object space 248832K, 91% used [0x0000000780000000,0x000000078ddede08,0x000000078f300000)
 Metaspace       used 25573K, capacity 25889K, committed 26240K, reserved 1073152K
  class space    used 2464K, capacity 2563K, committed 2688K, reserved 1048576K
}
Event: 279.589 GC heap before
{Heap before GC invocations=132 (full 8):
 PSYoungGen      total 22016K, used 21600K [0x00000007aab00000, 0x00000007add00000, 0x00000007c0000000)
  eden space 21504K, 100% used [0x00000007aab00000,0x00000007ac000000,0x00000007ac000000)
  from space 512K, 18% used [0x00000007ac000000,0x00000007ac018000,0x00000007ac080000)
  to   space 14848K, 0% used [0x00000007ace80000,0x00000007ace80000,0x00000007add00000)
 ParOldGen       total 248832K, used 227255K [0x0000000780000000, 0x000000078f300000, 0x00000007aab00000)
  object space 248832K, 91% used [0x0000000780000000,0x000000078ddede08,0x000000078f300000)
 Metaspace       used 25573K, capacity 25889K, committed 26240K, reserved 1073152K
  class space    used 2464K, capacity 2563K, committed 2688K, reserved 1048576K
Event: 279.591 GC heap after
Heap after GC invocations=132 (full 8):
 PSYoungGen      total 34304K, used 64K [0x00000007aab00000, 0x00000007adb00000, 0x00000007c0000000)
  eden space 21504K, 0% used [0x00000007aab00000,0x00000007aab00000,0x00000007ac000000)
  from space 12800K, 0% used [0x00000007ace80000,0x00000007ace90000,0x00000007adb00000)
  to   space 13824K, 0% used [0x00000007ac000000,0x00000007ac000000,0x00000007acd80000)
 ParOldGen       total 248832K, used 227255K [0x0000000780000000, 0x000000078f300000, 0x00000007aab00000)
  object space 248832K, 91% used [0x0000000780000000,0x000000078ddede08,0x000000078f300000)
 Metaspace       used 25573K, capacity 25889K, committed 26240K, reserved 1073152K
  class space    used 2464K, capacity 2563K, committed 2688K, reserved 1048576K
}

