# JRE version: Java(TM) SE Runtime Environment (8.0_73-b02) (build 1.8.0_73-b02)
# Java VM: Java HotSpot(TM) 64-Bit Server VM (25.73-b02 mixed mode bsd-amd64 compressed oops)
Heap:
 PSYoungGen      total 25600K, used 4192K [0x00000007aab00000, 0x00000007ad280000, 0x00000007c0000000)
  eden space 25088K, 16% used [0x00000007aab00000,0x00000007aaef83e8,0x00000007ac380000)
  from space 512K, 25% used [0x00000007ac400000,0x00000007ac420000,0x00000007ac480000)
  to   space 7680K, 0% used [0x00000007acb00000,0x00000007acb00000,0x00000007ad280000)
 ParOldGen       total 60416K, used 30071K [0x0000000780000000, 0x0000000783b00000, 0x00000007aab00000)
  object space 60416K, 49% used [0x0000000780000000,0x0000000781d5dfc8,0x0000000783b00000)
 Metaspace       used 24363K, capacity 24669K, committed 24832K, reserved 1071104K
  class space    used 2435K, capacity 2527K, committed 2560K, reserved 1048576K
GC Heap History (10 events):
Event: 218.227 GC heap before
{Heap before GC invocations=45 (full 2):
 PSYoungGen      total 37376K, used 27744K [0x00000007aab00000, 0x00000007adb00000, 0x00000007c0000000)
  eden space 27648K, 100% used [0x00000007aab00000,0x00000007ac600000,0x00000007ac600000)
  from space 9728K, 0% used [0x00000007ad180000,0x00000007ad198000,0x00000007adb00000)
  to   space 10752K, 0% used [0x00000007ac600000,0x00000007ac600000,0x00000007ad080000)
 ParOldGen       total 60416K, used 30063K [0x0000000780000000, 0x0000000783b00000, 0x00000007aab00000)
  object space 60416K, 49% used [0x0000000780000000,0x0000000781d5bfc8,0x0000000783b00000)
 Metaspace       used 24344K, capacity 24605K, committed 24832K, reserved 1071104K
  class space    used 2431K, capacity 2527K, committed 2560K, reserved 1048576K
Event: 218.229 GC heap after
Heap after GC invocations=45 (full 2):
 PSYoungGen      total 27648K, used 96K [0x00000007aab00000, 0x00000007ad880000, 0x00000007c0000000)
  eden space 27136K, 0% used [0x00000007aab00000,0x00000007aab00000,0x00000007ac580000)
  from space 512K, 18% used [0x00000007ac600000,0x00000007ac618000,0x00000007ac680000)
  to   space 9728K, 0% used [0x00000007acf00000,0x00000007acf00000,0x00000007ad880000)
 ParOldGen       total 60416K, used 30063K [0x0000000780000000, 0x0000000783b00000, 0x00000007aab00000)
  object space 60416K, 49% used [0x0000000780000000,0x0000000781d5bfc8,0x0000000783b00000)
 Metaspace       used 24344K, capacity 24605K, committed 24832K, reserved 1071104K
  class space    used 2431K, capacity 2527K, committed 2560K, reserved 1048576K
}
Event: 222.184 GC heap before
{Heap before GC invocations=46 (full 2):
 PSYoungGen      total 27648K, used 27232K [0x00000007aab00000, 0x00000007ad880000, 0x00000007c0000000)
  eden space 27136K, 100% used [0x00000007aab00000,0x00000007ac580000,0x00000007ac580000)
  from space 512K, 18% used [0x00000007ac600000,0x00000007ac618000,0x00000007ac680000)
  to   space 9728K, 0% used [0x00000007acf00000,0x00000007acf00000,0x00000007ad880000)
 ParOldGen       total 60416K, used 30063K [0x0000000780000000, 0x0000000783b00000, 0x00000007aab00000)
  object space 60416K, 49% used [0x0000000780000000,0x0000000781d5bfc8,0x0000000783b00000)
 Metaspace       used 24344K, capacity 24605K, committed 24832K, reserved 1071104K
  class space    used 2431K, capacity 2527K, committed 2560K, reserved 1048576K
Event: 222.186 GC heap after
Heap after GC invocations=46 (full 2):
 PSYoungGen      total 34816K, used 64K [0x00000007aab00000, 0x00000007ad700000, 0x00000007c0000000)
  eden space 26624K, 0% used [0x00000007aab00000,0x00000007aab00000,0x00000007ac500000)
  from space 8192K, 0% used [0x00000007acf00000,0x00000007acf10000,0x00000007ad700000)
  to   space 9216K, 0% used [0x00000007ac500000,0x00000007ac500000,0x00000007ace00000)
 ParOldGen       total 60416K, used 30063K [0x0000000780000000, 0x0000000783b00000, 0x00000007aab00000)
  object space 60416K, 49% used [0x0000000780000000,0x0000000781d5bfc8,0x0000000783b00000)
 Metaspace       used 24344K, capacity 24605K, committed 24832K, reserved 1071104K
  class space    used 2431K, capacity 2527K, committed 2560K, reserved 1048576K
}
Event: 226.073 GC heap before
{Heap before GC invocations=47 (full 2):
 PSYoungGen      total 34816K, used 26688K [0x00000007aab00000, 0x00000007ad700000, 0x00000007c0000000)
  eden space 26624K, 100% used [0x00000007aab00000,0x00000007ac500000,0x00000007ac500000)
  from space 8192K, 0% used [0x00000007acf00000,0x00000007acf10000,0x00000007ad700000)
  to   space 9216K, 0% used [0x00000007ac500000,0x00000007ac500000,0x00000007ace00000)
 ParOldGen       total 60416K, used 30063K [0x0000000780000000, 0x0000000783b00000, 0x00000007aab00000)
  object space 60416K, 49% used [0x0000000780000000,0x0000000781d5bfc8,0x0000000783b00000)
 Metaspace       used 24344K, capacity 24605K, committed 24832K, reserved 1071104K
  class space    used 2431K, capacity 2527K, committed 2560K, reserved 1048576K
Event: 226.074 GC heap after
Heap after GC invocations=47 (full 2):
 PSYoungGen      total 26624K, used 96K [0x00000007aab00000, 0x00000007ad580000, 0x00000007c0000000)
  eden space 26112K, 0% used [0x00000007aab00000,0x00000007aab00000,0x00000007ac480000)
  from space 512K, 18% used [0x00000007ac500000,0x00000007ac518000,0x00000007ac580000)
  to   space 8704K, 0% used [0x00000007acd00000,0x00000007acd00000,0x00000007ad580000)
 ParOldGen       total 60416K, used 30063K [0x0000000780000000, 0x0000000783b00000, 0x00000007aab00000)
  object space 60416K, 49% used [0x0000000780000000,0x0000000781d5bfc8,0x0000000783b00000)
 Metaspace       used 24344K, capacity 24605K, committed 24832K, reserved 1071104K
  class space    used 2431K, capacity 2527K, committed 2560K, reserved 1048576K
}
Event: 229.866 GC heap before
{Heap before GC invocations=48 (full 2):
 PSYoungGen      total 26624K, used 26208K [0x00000007aab00000, 0x00000007ad580000, 0x00000007c0000000)
  eden space 26112K, 100% used [0x00000007aab00000,0x00000007ac480000,0x00000007ac480000)
  from space 512K, 18% used [0x00000007ac500000,0x00000007ac518000,0x00000007ac580000)
  to   space 8704K, 0% used [0x00000007acd00000,0x00000007acd00000,0x00000007ad580000)
 ParOldGen       total 60416K, used 30063K [0x0000000780000000, 0x0000000783b00000, 0x00000007aab00000)
  object space 60416K, 49% used [0x0000000780000000,0x0000000781d5bfc8,0x0000000783b00000)
 Metaspace       used 24344K, capacity 24605K, committed 24832K, reserved 1071104K
  class space    used 2431K, capacity 2527K, committed 2560K, reserved 1048576K
Event: 229.868 GC heap after
Heap after GC invocations=48 (full 2):
 PSYoungGen      total 32768K, used 96K [0x00000007aab00000, 0x00000007ad400000, 0x00000007c0000000)
  eden space 25600K, 0% used [0x00000007aab00000,0x00000007aab00000,0x00000007ac400000)
  from space 7168K, 1% used [0x00000007acd00000,0x00000007acd18000,0x00000007ad400000)
  to   space 8192K, 0% used [0x00000007ac400000,0x00000007ac400000,0x00000007acc00000)
 ParOldGen       total 60416K, used 30063K [0x0000000780000000, 0x0000000783b00000, 0x00000007aab00000)
  object space 60416K, 49% used [0x0000000780000000,0x0000000781d5bfc8,0x0000000783b00000)
 Metaspace       used 24344K, capacity 24605K, committed 24832K, reserved 1071104K
  class space    used 2431K, capacity 2527K, committed 2560K, reserved 1048576K
}
Event: 233.440 GC heap before
{Heap before GC invocations=49 (full 2):
 PSYoungGen      total 32768K, used 25696K [0x00000007aab00000, 0x00000007ad400000, 0x00000007c0000000)
  eden space 25600K, 100% used [0x00000007aab00000,0x00000007ac400000,0x00000007ac400000)
  from space 7168K, 1% used [0x00000007acd00000,0x00000007acd18000,0x00000007ad400000)
  to   space 8192K, 0% used [0x00000007ac400000,0x00000007ac400000,0x00000007acc00000)
 ParOldGen       total 60416K, used 30063K [0x0000000780000000, 0x0000000783b00000, 0x00000007aab00000)
  object space 60416K, 49% used [0x0000000780000000,0x0000000781d5bfc8,0x0000000783b00000)
 Metaspace       used 24346K, capacity 24669K, committed 24832K, reserved 1071104K
  class space    used 2431K, capacity 2527K, committed 2560K, reserved 1048576K
Event: 233.441 GC heap after
Heap after GC invocations=49 (full 2):
 PSYoungGen      total 25600K, used 128K [0x00000007aab00000, 0x00000007ad280000, 0x00000007c0000000)
  eden space 25088K, 0% used [0x00000007aab00000,0x00000007aab00000,0x00000007ac380000)
  from space 512K, 25% used [0x00000007ac400000,0x00000007ac420000,0x00000007ac480000)
  to   space 7680K, 0% used [0x00000007acb00000,0x00000007acb00000,0x00000007ad280000)
 ParOldGen       total 60416K, used 30071K [0x0000000780000000, 0x0000000783b00000, 0x00000007aab00000)
  object space 60416K, 49% used [0x0000000780000000,0x0000000781d5dfc8,0x0000000783b00000)
 Metaspace       used 24346K, capacity 24669K, committed 24832K, reserved 1071104K
  class space    used 2431K, capacity 2527K, committed 2560K, reserved 1048576K
}

