# JRE version: Java(TM) SE Runtime Environment (8.0_73-b02) (build 1.8.0_73-b02)
# Java VM: Java HotSpot(TM) 64-Bit Server VM (25.73-b02 mixed mode bsd-amd64 compressed oops)
Heap:
 PSYoungGen      total 64000K, used 20169K [0x00000007aab00000, 0x00000007b0500000, 0x00000007c0000000)
  eden space 50688K, 14% used [0x00000007aab00000,0x00000007ab222348,0x00000007adc80000)
  from space 13312K, 96% used [0x00000007adc80000,0x00000007ae910150,0x00000007ae980000)
  to   space 14848K, 0% used [0x00000007af680000,0x00000007af680000,0x00000007b0500000)
 ParOldGen       total 44032K, used 25765K [0x0000000780000000, 0x0000000782b00000, 0x00000007aab00000)
  object space 44032K, 58% used [0x0000000780000000,0x00000007819295a0,0x0000000782b00000)
 Metaspace       used 24551K, capacity 24801K, committed 25088K, reserved 1071104K
  class space    used 2434K, capacity 2527K, committed 2560K, reserved 1048576K
GC Heap History (10 events):
Event: 10.973 GC heap before
{Heap before GC invocations=8 (full 1):
 PSYoungGen      total 31232K, used 30912K [0x00000007aab00000, 0x00000007ad880000, 0x00000007c0000000)
  eden space 26624K, 100% used [0x00000007aab00000,0x00000007ac500000,0x00000007ac500000)
  from space 4608K, 93% used [0x00000007ad400000,0x00000007ad8300f0,0x00000007ad880000)
  to   space 9216K, 0% used [0x00000007ac680000,0x00000007ac680000,0x00000007acf80000)
 ParOldGen       total 44032K, used 15118K [0x0000000780000000, 0x0000000782b00000, 0x00000007aab00000)
  object space 44032K, 34% used [0x0000000780000000,0x0000000780ec3a38,0x0000000782b00000)
 Metaspace       used 21914K, capacity 22133K, committed 22448K, reserved 1069056K
  class space    used 2168K, capacity 2245K, committed 2304K, reserved 1048576K
Event: 10.977 GC heap after
Heap after GC invocations=8 (full 1):
 PSYoungGen      total 37376K, used 4608K [0x00000007aab00000, 0x00000007ae500000, 0x00000007c0000000)
  eden space 28160K, 0% used [0x00000007aab00000,0x00000007aab00000,0x00000007ac680000)
  from space 9216K, 50% used [0x00000007ac680000,0x00000007acb00100,0x00000007acf80000)
  to   space 8704K, 0% used [0x00000007adc80000,0x00000007adc80000,0x00000007ae500000)
 ParOldGen       total 44032K, used 15126K [0x0000000780000000, 0x0000000782b00000, 0x00000007aab00000)
  object space 44032K, 34% used [0x0000000780000000,0x0000000780ec5a38,0x0000000782b00000)
 Metaspace       used 21914K, capacity 22133K, committed 22448K, reserved 1069056K
  class space    used 2168K, capacity 2245K, committed 2304K, reserved 1048576K
}
Event: 16.343 GC heap before
{Heap before GC invocations=9 (full 1):
 PSYoungGen      total 37376K, used 32628K [0x00000007aab00000, 0x00000007ae500000, 0x00000007c0000000)
  eden space 28160K, 99% used [0x00000007aab00000,0x00000007ac65d040,0x00000007ac680000)
  from space 9216K, 50% used [0x00000007ac680000,0x00000007acb00100,0x00000007acf80000)
  to   space 8704K, 0% used [0x00000007adc80000,0x00000007adc80000,0x00000007ae500000)
 ParOldGen       total 44032K, used 15126K [0x0000000780000000, 0x0000000782b00000, 0x00000007aab00000)
  object space 44032K, 34% used [0x0000000780000000,0x0000000780ec5a38,0x0000000782b00000)
 Metaspace       used 23847K, capacity 24075K, committed 24320K, reserved 1071104K
  class space    used 2412K, capacity 2484K, committed 2560K, reserved 1048576K
Event: 16.354 GC heap after
Heap after GC invocations=9 (full 1):
 PSYoungGen      total 48640K, used 8688K [0x00000007aab00000, 0x00000007ae980000, 0x00000007c0000000)
  eden space 39936K, 0% used [0x00000007aab00000,0x00000007aab00000,0x00000007ad200000)
  from space 8704K, 99% used [0x00000007adc80000,0x00000007ae4fc180,0x00000007ae500000)
  to   space 10752K, 0% used [0x00000007ad200000,0x00000007ad200000,0x00000007adc80000)
 ParOldGen       total 44032K, used 16877K [0x0000000780000000, 0x0000000782b00000, 0x00000007aab00000)
  object space 44032K, 38% used [0x0000000780000000,0x000000078107b580,0x0000000782b00000)
 Metaspace       used 23847K, capacity 24075K, committed 24320K, reserved 1071104K
  class space    used 2412K, capacity 2484K, committed 2560K, reserved 1048576K
}
Event: 17.756 GC heap before
{Heap before GC invocations=10 (full 1):
 PSYoungGen      total 48640K, used 48624K [0x00000007aab00000, 0x00000007ae980000, 0x00000007c0000000)
  eden space 39936K, 100% used [0x00000007aab00000,0x00000007ad200000,0x00000007ad200000)
  from space 8704K, 99% used [0x00000007adc80000,0x00000007ae4fc180,0x00000007ae500000)
  to   space 10752K, 0% used [0x00000007ad200000,0x00000007ad200000,0x00000007adc80000)
 ParOldGen       total 44032K, used 16877K [0x0000000780000000, 0x0000000782b00000, 0x00000007aab00000)
  object space 44032K, 38% used [0x0000000780000000,0x000000078107b580,0x0000000782b00000)
 Metaspace       used 23964K, capacity 24203K, committed 24576K, reserved 1071104K
  class space    used 2412K, capacity 2484K, committed 2560K, reserved 1048576K
Event: 17.765 GC heap after
Heap after GC invocations=10 (full 1):
 PSYoungGen      total 50688K, used 10112K [0x00000007aab00000, 0x00000007af500000, 0x00000007c0000000)
  eden space 39936K, 0% used [0x00000007aab00000,0x00000007aab00000,0x00000007ad200000)
  from space 10752K, 94% used [0x00000007ad200000,0x00000007adbe0210,0x00000007adc80000)
  to   space 11776K, 0% used [0x00000007ae980000,0x00000007ae980000,0x00000007af500000)
 ParOldGen       total 44032K, used 19749K [0x0000000780000000, 0x0000000782b00000, 0x00000007aab00000)
  object space 44032K, 44% used [0x0000000780000000,0x00000007813494c0,0x0000000782b00000)
 Metaspace       used 23964K, capacity 24203K, committed 24576K, reserved 1071104K
  class space    used 2412K, capacity 2484K, committed 2560K, reserved 1048576K
}
Event: 26.024 GC heap before
{Heap before GC invocations=11 (full 1):
 PSYoungGen      total 50688K, used 50048K [0x00000007aab00000, 0x00000007af500000, 0x00000007c0000000)
  eden space 39936K, 100% used [0x00000007aab00000,0x00000007ad200000,0x00000007ad200000)
  from space 10752K, 94% used [0x00000007ad200000,0x00000007adbe0210,0x00000007adc80000)
  to   space 11776K, 0% used [0x00000007ae980000,0x00000007ae980000,0x00000007af500000)
 ParOldGen       total 44032K, used 19749K [0x0000000780000000, 0x0000000782b00000, 0x00000007aab00000)
  object space 44032K, 44% used [0x0000000780000000,0x00000007813494c0,0x0000000782b00000)
 Metaspace       used 24271K, capacity 24541K, committed 24832K, reserved 1071104K
  class space    used 2430K, capacity 2527K, committed 2560K, reserved 1048576K
Event: 26.039 GC heap after
Heap after GC invocations=11 (full 1):
 PSYoungGen      total 62464K, used 11648K [0x00000007aab00000, 0x00000007af680000, 0x00000007c0000000)
  eden space 50688K, 0% used [0x00000007aab00000,0x00000007aab00000,0x00000007adc80000)
  from space 11776K, 98% used [0x00000007ae980000,0x00000007af4e01b0,0x00000007af500000)
  to   space 13312K, 0% used [0x00000007adc80000,0x00000007adc80000,0x00000007ae980000)
 ParOldGen       total 44032K, used 22685K [0x0000000780000000, 0x0000000782b00000, 0x00000007aab00000)
  object space 44032K, 51% used [0x0000000780000000,0x0000000781627570,0x0000000782b00000)
 Metaspace       used 24271K, capacity 24541K, committed 24832K, reserved 1071104K
  class space    used 2430K, capacity 2527K, committed 2560K, reserved 1048576K
}
Event: 43.630 GC heap before
{Heap before GC invocations=12 (full 1):
 PSYoungGen      total 62464K, used 62336K [0x00000007aab00000, 0x00000007af680000, 0x00000007c0000000)
  eden space 50688K, 100% used [0x00000007aab00000,0x00000007adc80000,0x00000007adc80000)
  from space 11776K, 98% used [0x00000007ae980000,0x00000007af4e01b0,0x00000007af500000)
  to   space 13312K, 0% used [0x00000007adc80000,0x00000007adc80000,0x00000007ae980000)
 ParOldGen       total 44032K, used 22685K [0x0000000780000000, 0x0000000782b00000, 0x00000007aab00000)
  object space 44032K, 51% used [0x0000000780000000,0x0000000781627570,0x0000000782b00000)
 Metaspace       used 24528K, capacity 24801K, committed 25088K, reserved 1071104K
  class space    used 2430K, capacity 2527K, committed 2560K, reserved 1048576K
Event: 43.636 GC heap after
Heap after GC invocations=12 (full 1):
 PSYoungGen      total 64000K, used 12864K [0x00000007aab00000, 0x00000007b0500000, 0x00000007c0000000)
  eden space 50688K, 0% used [0x00000007aab00000,0x00000007aab00000,0x00000007adc80000)
  from space 13312K, 96% used [0x00000007adc80000,0x00000007ae910150,0x00000007ae980000)
  to   space 14848K, 0% used [0x00000007af680000,0x00000007af680000,0x00000007b0500000)
 ParOldGen       total 44032K, used 25765K [0x0000000780000000, 0x0000000782b00000, 0x00000007aab00000)
  object space 44032K, 58% used [0x0000000780000000,0x00000007819295a0,0x0000000782b00000)
 Metaspace       used 24528K, capacity 24801K, committed 25088K, reserved 1071104K
  class space    used 2430K, capacity 2527K, committed 2560K, reserved 1048576K
}

